Using pre-set license
Built from '2021.3/staging' branch; Version is '2021.3.9f1 (ad3870b89536) revision 11352176'; Using compiler version '192829333'; Build Type 'Release'
OS: 'Windows 10  (10.0.19044) 64bit Professional' Language: 'es' Physical Memory: 15742 MB
BatchMode: 1, IsHumanControllingUs: 0, StartBugReporterOnCrash: 0, Is64bit: 1, IsPro: 1

COMMAND LINE ARGUMENTS:
C:\Program Files\Unity\Hub\Editor\2021.3.9f1\Editor\Unity.exe
-adb2
-batchMode
-noUpm
-name
AssetImportWorker6
-projectPath
C:/Users/User/My project (3)
-logFile
Logs/AssetImportWorker6.log
-srvPort
53950
Successfully changed project path to: C:/Users/User/My project (3)
C:/Users/User/My project (3)
[UnityMemory] Configuration Parameters - Can be set up in boot.config
    "memorysetup-bucket-allocator-granularity=16"
    "memorysetup-bucket-allocator-bucket-count=8"
    "memorysetup-bucket-allocator-block-size=33554432"
    "memorysetup-bucket-allocator-block-count=8"
    "memorysetup-main-allocator-block-size=16777216"
    "memorysetup-thread-allocator-block-size=16777216"
    "memorysetup-gfx-main-allocator-block-size=16777216"
    "memorysetup-gfx-thread-allocator-block-size=16777216"
    "memorysetup-cache-allocator-block-size=4194304"
    "memorysetup-typetree-allocator-block-size=2097152"
    "memorysetup-profiler-bucket-allocator-granularity=16"
    "memorysetup-profiler-bucket-allocator-bucket-count=8"
    "memorysetup-profiler-bucket-allocator-block-size=33554432"
    "memorysetup-profiler-bucket-allocator-block-count=8"
    "memorysetup-profiler-allocator-block-size=16777216"
    "memorysetup-profiler-editor-allocator-block-size=1048576"
    "memorysetup-temp-allocator-size-main=16777216"
    "memorysetup-job-temp-allocator-block-size=2097152"
    "memorysetup-job-temp-allocator-block-size-background=1048576"
    "memorysetup-job-temp-allocator-reduction-small-platforms=262144"
    "memorysetup-temp-allocator-size-background-worker=32768"
    "memorysetup-temp-allocator-size-job-worker=262144"
    "memorysetup-temp-allocator-size-preload-manager=33554432"
    "memorysetup-temp-allocator-size-nav-mesh-worker=65536"
    "memorysetup-temp-allocator-size-audio-worker=65536"
    "memorysetup-temp-allocator-size-cloud-worker=32768"
    "memorysetup-temp-allocator-size-gi-baking-worker=262144"
    "memorysetup-temp-allocator-size-gfx=262144"
Refreshing native plugins compatible for Editor in 70.30 ms, found 3 plugins.
Preloading 0 native plugins for Editor in 0.00 ms.
Initialize engine version: 2021.3.9f1 (ad3870b89536)
[Subsystems] Discovering subsystems at path C:/Program Files/Unity/Hub/Editor/2021.3.9f1/Editor/Data/Resources/UnitySubsystems
[Subsystems] Discovering subsystems at path C:/Users/User/My project (3)/Assets
GfxDevice: creating device client; threaded=0; jobified=0
Direct3D:
    Version:  Direct3D 11.0 [level 11.1]
    Renderer: AMD Radeon(TM) Graphics (ID=0x1638)
    Vendor:   ATI
    VRAM:     7871 MB
    Driver:   31.0.12002.92
Initialize mono
Mono path[0] = 'C:/Program Files/Unity/Hub/Editor/2021.3.9f1/Editor/Data/Managed'
Mono path[1] = 'C:/Program Files/Unity/Hub/Editor/2021.3.9f1/Editor/Data/MonoBleedingEdge/lib/mono/unityjit-win32'
Mono config path = 'C:/Program Files/Unity/Hub/Editor/2021.3.9f1/Editor/Data/MonoBleedingEdge/etc'
Using monoOptions --debugger-agent=transport=dt_socket,embedding=1,server=y,suspend=n,address=127.0.0.1:56100
Begin MonoManager ReloadAssembly
Registering precompiled unity dll's ...
Register platform support module: C:/Program Files/Unity/Hub/Editor/2021.3.9f1/Editor/Data/PlaybackEngines/WebGLSupport/UnityEditor.WebGL.Extensions.dll
Register platform support module: C:/Program Files/Unity/Hub/Editor/2021.3.9f1/Editor/Data/PlaybackEngines/WindowsStandaloneSupport/UnityEditor.WindowsStandalone.Extensions.dll
Registered in 0.005553 seconds.
Native extension for WindowsStandalone target not found
Native extension for WebGL target not found
Refreshing native plugins compatible for Editor in 67.14 ms, found 3 plugins.
Preloading 0 native plugins for Editor in 0.00 ms.
Mono: successfully reloaded assembly
- Completed reload, in  0.466 seconds
Domain Reload Profiling:
	ReloadAssembly (466ms)
		BeginReloadAssembly (53ms)
			ExecutionOrderSort (0ms)
			DisableScriptedObjects (0ms)
			BackupInstance (0ms)
			ReleaseScriptingObjects (0ms)
			CreateAndSetChildDomain (1ms)
		EndReloadAssembly (329ms)
			LoadAssemblies (52ms)
			RebuildTransferFunctionScriptingTraits (0ms)
			SetupTypeCache (72ms)
			ReleaseScriptCaches (0ms)
			RebuildScriptCaches (19ms)
			SetupLoadedEditorAssemblies (200ms)
				LogAssemblyErrors (0ms)
				InitializePlatformSupportModulesInManaged (7ms)
				SetLoadedEditorAssemblies (0ms)
				RefreshPlugins (67ms)
				BeforeProcessingInitializeOnLoad (1ms)
				ProcessInitializeOnLoadAttributes (91ms)
				ProcessInitializeOnLoadMethodAttributes (33ms)
				AfterProcessingInitializeOnLoad (0ms)
				EditorAssembliesLoaded (0ms)
			ExecutionOrderSort2 (0ms)
			AwakeInstancesAfterBackupRestoration (0ms)
Platform modules already initialized, skipping
Registering precompiled user dll's ...
Registered in 0.004273 seconds.
Begin MonoManager ReloadAssembly
Symbol file LoadedFromMemory doesn't match image C:\Users\User\My project (3)\Library\PackageCache\com.unity.visualscripting@1.7.8\Editor\VisualScripting.Core\Dependencies\YamlDotNet\Unity.VisualScripting.YamlDotNet.dll
Symbol file LoadedFromMemory doesn't match image C:\Users\User\My project (3)\Library\PackageCache\com.unity.visualscripting@1.7.8\Editor\VisualScripting.Core\Dependencies\DotNetZip\Unity.VisualScripting.IonicZip.dll
Native extension for WindowsStandalone target not found
Native extension for WebGL target not found
Refreshing native plugins compatible for Editor in 0.61 ms, found 3 plugins.
Preloading 0 native plugins for Editor in 0.00 ms.
Mono: successfully reloaded assembly
- Completed reload, in  0.752 seconds
Domain Reload Profiling:
	ReloadAssembly (753ms)
		BeginReloadAssembly (80ms)
			ExecutionOrderSort (0ms)
			DisableScriptedObjects (4ms)
			BackupInstance (0ms)
			ReleaseScriptingObjects (0ms)
			CreateAndSetChildDomain (15ms)
		EndReloadAssembly (588ms)
			LoadAssemblies (58ms)
			RebuildTransferFunctionScriptingTraits (0ms)
			SetupTypeCache (187ms)
			ReleaseScriptCaches (0ms)
			RebuildScriptCaches (34ms)
			SetupLoadedEditorAssemblies (277ms)
				LogAssemblyErrors (0ms)
				InitializePlatformSupportModulesInManaged (5ms)
				SetLoadedEditorAssemblies (0ms)
				RefreshPlugins (1ms)
				BeforeProcessingInitializeOnLoad (68ms)
				ProcessInitializeOnLoadAttributes (175ms)
				ProcessInitializeOnLoadMethodAttributes (22ms)
				AfterProcessingInitializeOnLoad (6ms)
				EditorAssembliesLoaded (0ms)
			ExecutionOrderSort2 (0ms)
			AwakeInstancesAfterBackupRestoration (4ms)
Platform modules already initialized, skipping
========================================================================
Worker process is ready to serve import requests
Launched and connected shader compiler UnityShaderCompiler.exe after 0.03 seconds
Refreshing native plugins compatible for Editor in 0.63 ms, found 3 plugins.
Preloading 0 native plugins for Editor in 0.00 ms.
Unloading 3497 Unused Serialized files (Serialized files now loaded: 0)
Unloading 33 unused Assets / (0.7 MB). Loaded Objects now: 3955.
Memory consumption went from 132.4 MB to 131.7 MB.
Total: 2.814000 ms (FindLiveObjects: 0.220600 ms CreateObjectMapping: 0.114000 ms MarkObjects: 2.243800 ms  DeleteObjects: 0.234600 ms)

AssetImportParameters requested are different than current active one (requested -> active):
  custom:video-decoder-ogg-theora: a1e56fd34408186e4bbccfd4996cb3dc -> 
  custom:container-muxer-webm: aa71ff27fc2769a1b78a27578f13a17b -> 
  custom:container-demuxer-webm: 4f35f7cbe854078d1ac9338744f61a02 -> 
  custom:video-encoder-webm-vp8: eb34c28f22e8b96e1ab97ce403110664 -> 
  custom:audio-encoder-webm-vorbis: bf7c407c2cedff20999df2af8eb42d56 -> 
  custom:framework-win-MediaFoundation: 216162199b28c13a410421893ffa2e32 -> 
  custom:container-demuxer-ogg: 62fdf1f143b41e24485cea50d1cbac27 -> 
  custom:video-decoder-webm-vp8: 9c59270c3fd7afecdb556c50c9e8de78 -> 
  custom:audio-decoder-ogg-vorbis: bf7c407c2cedff20999df2af8eb42d56 -> 
========================================================================
Received Import Request.
  Time since last request: 183716.456321 seconds.
  path: Assets/Flooded_Grounds/Content/Meshes/mBuildings/mIndBuilding1/IndBuilding1_Base_Mid_A.fbx
  artifactKey: Guid(6abd91808b5cc3c4392a9391849a70b8) Importer(815301076,1909f56bfc062723c751e8b465ee728b)
Start importing Assets/Flooded_Grounds/Content/Meshes/mBuildings/mIndBuilding1/IndBuilding1_Base_Mid_A.fbx using Guid(6abd91808b5cc3c4392a9391849a70b8) Importer(815301076,1909f56bfc062723c751e8b465ee728b)  -> (artifact id: 'c12c992ec2289a7a1600cd5beec75365') in 0.143615 seconds 
========================================================================
Received Import Request.
  Time since last request: 0.000025 seconds.
  path: Assets/Flooded_Grounds/Content/Meshes/mBuildings/mIndBuilding1/IndBuilding1_Deco_Handrail_Mid_A.fbx
  artifactKey: Guid(6895fad8436220440bb373de7ebc170d) Importer(815301076,1909f56bfc062723c751e8b465ee728b)
Start importing Assets/Flooded_Grounds/Content/Meshes/mBuildings/mIndBuilding1/IndBuilding1_Deco_Handrail_Mid_A.fbx using Guid(6895fad8436220440bb373de7ebc170d) Importer(815301076,1909f56bfc062723c751e8b465ee728b)  -> (artifact id: 'a952d9038eae53efad0c434ccbed930d') in 0.016084 seconds 
========================================================================
Received Import Request.
  Time since last request: 0.000019 seconds.
  path: Assets/Flooded_Grounds/Content/Meshes/mBuildings/mIndBuilding1/IndBuilding1_Deco_IntColumn_Mid.fbx
  artifactKey: Guid(92b4903c992f04e46b7c2be84d2126e8) Importer(815301076,1909f56bfc062723c751e8b465ee728b)
Start importing Assets/Flooded_Grounds/Content/Meshes/mBuildings/mIndBuilding1/IndBuilding1_Deco_IntColumn_Mid.fbx using Guid(92b4903c992f04e46b7c2be84d2126e8) Importer(815301076,1909f56bfc062723c751e8b465ee728b)  -> (artifact id: '7198e7f0368e4272e82483df6f82f98b') in 0.016867 seconds 
========================================================================
Received Import Request.
  Time since last request: 0.000026 seconds.
  path: Assets/Flooded_Grounds/Content/Meshes/mBuildings/mIndBuilding1/IndBuilding1_Ext_A_COL.fbx
  artifactKey: Guid(1610de2cbbc29e14e8f305552fb5ecae) Importer(815301076,1909f56bfc062723c751e8b465ee728b)
Start importing Assets/Flooded_Grounds/Content/Meshes/mBuildings/mIndBuilding1/IndBuilding1_Ext_A_COL.fbx using Guid(1610de2cbbc29e14e8f305552fb5ecae) Importer(815301076,1909f56bfc062723c751e8b465ee728b)  -> (artifact id: '1e72571394cbd3dd59327f1655b932f1') in 0.016692 seconds 
========================================================================
Received Import Request.
  Time since last request: 0.000021 seconds.
  path: Assets/Flooded_Grounds/Content/Meshes/mBuildings/mIndBuilding1/IndBuilding1_Floor_Mid_A_4x.fbx
  artifactKey: Guid(74f5de330ab795047a58eff61dc2d7a9) Importer(815301076,1909f56bfc062723c751e8b465ee728b)
Start importing Assets/Flooded_Grounds/Content/Meshes/mBuildings/mIndBuilding1/IndBuilding1_Floor_Mid_A_4x.fbx using Guid(74f5de330ab795047a58eff61dc2d7a9) Importer(815301076,1909f56bfc062723c751e8b465ee728b)  -> (artifact id: 'c06ffb353ecc278062152f14b509df16') in 0.016204 seconds 
========================================================================
Received Import Request.
  Time since last request: 0.000019 seconds.
  path: Assets/Flooded_Grounds/Content/Meshes/mBuildings/mIndBuilding1/IndBuilding1_Top_Mid_A.fbx
  artifactKey: Guid(1f32cfe42957f2248832dfe36ec4ed4a) Importer(815301076,1909f56bfc062723c751e8b465ee728b)
Start importing Assets/Flooded_Grounds/Content/Meshes/mBuildings/mIndBuilding1/IndBuilding1_Top_Mid_A.fbx using Guid(1f32cfe42957f2248832dfe36ec4ed4a) Importer(815301076,1909f56bfc062723c751e8b465ee728b)  -> (artifact id: 'fadae0bbc3c7a1c87dac2d94f96645cb') in 0.016661 seconds 
========================================================================
Received Import Request.
  Time since last request: 0.000018 seconds.
  path: Assets/Flooded_Grounds/Content/Meshes/mBuildings/mIndBuilding1/IndBuilding1_Wall_Int_B.fbx
  artifactKey: Guid(991d390e4866728429f82aaea266ba63) Importer(815301076,1909f56bfc062723c751e8b465ee728b)
Start importing Assets/Flooded_Grounds/Content/Meshes/mBuildings/mIndBuilding1/IndBuilding1_Wall_Int_B.fbx using Guid(991d390e4866728429f82aaea266ba63) Importer(815301076,1909f56bfc062723c751e8b465ee728b)  -> (artifact id: '298648a897037ceccdb23226f6cbab93') in 0.044931 seconds 
========================================================================
Received Import Request.
  Time since last request: 0.000031 seconds.
  path: Assets/Flooded_Grounds/Content/Meshes/mBuildings/mIndBuilding1/IndBuilding1_Ext_A.fbx
  artifactKey: Guid(4590d15c735e05c428d47bde8276beb3) Importer(815301076,1909f56bfc062723c751e8b465ee728b)
Start importing Assets/Flooded_Grounds/Content/Meshes/mBuildings/mIndBuilding1/IndBuilding1_Ext_A.fbx using Guid(4590d15c735e05c428d47bde8276beb3) Importer(815301076,1909f56bfc062723c751e8b465ee728b)  -> (artifact id: '56cbae9411fe8646b24d6f991bf19a01') in 0.016162 seconds 
========================================================================
Received Import Request.
  Time since last request: 1.903377 seconds.
  path: Assets/Flooded_Grounds/Content/Meshes/mBuildings/mIndBuilding2/Indbuilding2_Door_A.fbx
  artifactKey: Guid(43c3f14f7d9acf14388cccf98d4f85c7) Importer(815301076,1909f56bfc062723c751e8b465ee728b)
Start importing Assets/Flooded_Grounds/Content/Meshes/mBuildings/mIndBuilding2/Indbuilding2_Door_A.fbx using Guid(43c3f14f7d9acf14388cccf98d4f85c7) Importer(815301076,1909f56bfc062723c751e8b465ee728b)  -> (artifact id: 'a9a67ff1766efd5fef7f65aea435a757') in 0.015893 seconds 
========================================================================
Received Import Request.
  Time since last request: 0.000015 seconds.
  path: Assets/Flooded_Grounds/Content/Meshes/mBuildings/mIndBuilding2/IndBuilding2_Mid_A.fbx
  artifactKey: Guid(b5602b5f98f59ef48a78d738df9103ea) Importer(815301076,1909f56bfc062723c751e8b465ee728b)
Start importing Assets/Flooded_Grounds/Content/Meshes/mBuildings/mIndBuilding2/IndBuilding2_Mid_A.fbx using Guid(b5602b5f98f59ef48a78d738df9103ea) Importer(815301076,1909f56bfc062723c751e8b465ee728b)  -> (artifact id: '605acab283b498e5bdec615c37948ef6') in 0.018298 seconds 
========================================================================
Received Import Request.
  Time since last request: 1.753188 seconds.
  path: Assets/Flooded_Grounds/Content/Meshes/mBuildings/mLightHouse/LightHouse_A_COL.fbx
  artifactKey: Guid(7634d903df772db44a657f3e7a35aa8a) Importer(815301076,1909f56bfc062723c751e8b465ee728b)
Start importing Assets/Flooded_Grounds/Content/Meshes/mBuildings/mLightHouse/LightHouse_A_COL.fbx using Guid(7634d903df772db44a657f3e7a35aa8a) Importer(815301076,1909f56bfc062723c751e8b465ee728b)  -> (artifact id: '67d3c36d0eb91b22635db78aeab98a38') in 0.034453 seconds 
========================================================================
Received Import Request.
  Time since last request: 4.049798 seconds.
  path: Assets/Flooded_Grounds/Content/Meshes/mBuildings/mStructures/Pavement1_Side_A.fbx
  artifactKey: Guid(2d6cc40b7ed23c54aa74bc19352d7122) Importer(815301076,1909f56bfc062723c751e8b465ee728b)
Start importing Assets/Flooded_Grounds/Content/Meshes/mBuildings/mStructures/Pavement1_Side_A.fbx using Guid(2d6cc40b7ed23c54aa74bc19352d7122) Importer(815301076,1909f56bfc062723c751e8b465ee728b)  -> (artifact id: 'b44ef27d528e1299eff3268a86eff410') in 0.014110 seconds 
========================================================================
Received Import Request.
  Time since last request: 0.000018 seconds.
  path: Assets/Flooded_Grounds/Content/Meshes/mBuildings/mStructures/Struct_Fence1_Gate_A.fbx
  artifactKey: Guid(4d6f4544c5e853f46a65866bb41a68b3) Importer(815301076,1909f56bfc062723c751e8b465ee728b)
Start importing Assets/Flooded_Grounds/Content/Meshes/mBuildings/mStructures/Struct_Fence1_Gate_A.fbx using Guid(4d6f4544c5e853f46a65866bb41a68b3) Importer(815301076,1909f56bfc062723c751e8b465ee728b)  -> (artifact id: '8ace87cb2ef5808b6077578fa315e09e') in 0.039186 seconds 
========================================================================
Received Import Request.
  Time since last request: 0.000025 seconds.
  path: Assets/Flooded_Grounds/Content/Meshes/mBuildings/mStructures/Struct_Roundabout_A.fbx
  artifactKey: Guid(252ea566efa16964db6209b227a7281d) Importer(815301076,1909f56bfc062723c751e8b465ee728b)
Start importing Assets/Flooded_Grounds/Content/Meshes/mBuildings/mStructures/Struct_Roundabout_A.fbx using Guid(252ea566efa16964db6209b227a7281d) Importer(815301076,1909f56bfc062723c751e8b465ee728b)  -> (artifact id: '3c2878293dc6381165c5a8af4d53c451') in 0.050055 seconds 
========================================================================
Received Import Request.
  Time since last request: 0.000024 seconds.
  path: Assets/Flooded_Grounds/Content/Meshes/mBuildings/mStructures/Struct_Docking_A_DM.fbx
  artifactKey: Guid(4f0b80e5bfd63e848b21c43828f30799) Importer(815301076,1909f56bfc062723c751e8b465ee728b)
Start importing Assets/Flooded_Grounds/Content/Meshes/mBuildings/mStructures/Struct_Docking_A_DM.fbx using Guid(4f0b80e5bfd63e848b21c43828f30799) Importer(815301076,1909f56bfc062723c751e8b465ee728b)  -> (artifact id: '1606b91702d251a703a167e73773ac3f') in 0.041770 seconds 
========================================================================
Received Import Request.
  Time since last request: 0.000020 seconds.
  path: Assets/Flooded_Grounds/Content/Meshes/mBuildings/mStructures/Struct_Pavilion_B.fbx
  artifactKey: Guid(ce73bd8e95cfaae4a95026322fcf2b36) Importer(815301076,1909f56bfc062723c751e8b465ee728b)
Start importing Assets/Flooded_Grounds/Content/Meshes/mBuildings/mStructures/Struct_Pavilion_B.fbx using Guid(ce73bd8e95cfaae4a95026322fcf2b36) Importer(815301076,1909f56bfc062723c751e8b465ee728b)  -> (artifact id: '7f0a8bdbe731cca35b81128c8c4ad539') in 0.016926 seconds 
========================================================================
Received Import Request.
  Time since last request: 0.000021 seconds.
  path: Assets/Flooded_Grounds/Content/Meshes/mBuildings/mStructures/Struct_ExtStairs_B.fbx
  artifactKey: Guid(764b6b7a024ad3b40b3a881d7894f522) Importer(815301076,1909f56bfc062723c751e8b465ee728b)
Start importing Assets/Flooded_Grounds/Content/Meshes/mBuildings/mStructures/Struct_ExtStairs_B.fbx using Guid(764b6b7a024ad3b40b3a881d7894f522) Importer(815301076,1909f56bfc062723c751e8b465ee728b)  -> (artifact id: 'cbb15f23dfcb2485a3f4cc867bc8390e') in 0.043204 seconds 
========================================================================
Received Import Request.
  Time since last request: 0.000020 seconds.
  path: Assets/Flooded_Grounds/Content/Meshes/mBuildings/mStructures/Struct_Fence1_Gate_A_Door.fbx
  artifactKey: Guid(ea7647dd4e8b77d40b37f0e48cd89139) Importer(815301076,1909f56bfc062723c751e8b465ee728b)
Start importing Assets/Flooded_Grounds/Content/Meshes/mBuildings/mStructures/Struct_Fence1_Gate_A_Door.fbx using Guid(ea7647dd4e8b77d40b37f0e48cd89139) Importer(815301076,1909f56bfc062723c751e8b465ee728b)  -> (artifact id: '5c119e2b62f2f509763e4738e9f233cb') in 0.040185 seconds 
========================================================================
Received Import Request.
  Time since last request: 0.000040 seconds.
  path: Assets/Flooded_Grounds/Content/Meshes/mBuildings/mStructures/Struct_WoodBoard_A.fbx
  artifactKey: Guid(f68bb980a76c51c47b409d79a806f367) Importer(815301076,1909f56bfc062723c751e8b465ee728b)
Start importing Assets/Flooded_Grounds/Content/Meshes/mBuildings/mStructures/Struct_WoodBoard_A.fbx using Guid(f68bb980a76c51c47b409d79a806f367) Importer(815301076,1909f56bfc062723c751e8b465ee728b)  -> (artifact id: '6b31b777818d12b8ee1e4e6e0407e8d6') in 0.015359 seconds 
========================================================================
Received Import Request.
  Time since last request: 0.000017 seconds.
  path: Assets/Flooded_Grounds/Content/Meshes/mBuildings/mStructures/Struct_Docking_B_COL.fbx
  artifactKey: Guid(9399cd3246784654d8c22338b24f76a4) Importer(815301076,1909f56bfc062723c751e8b465ee728b)
Start importing Assets/Flooded_Grounds/Content/Meshes/mBuildings/mStructures/Struct_Docking_B_COL.fbx using Guid(9399cd3246784654d8c22338b24f76a4) Importer(815301076,1909f56bfc062723c751e8b465ee728b)  -> (artifact id: 'f286885ae7d04f52d49b8a4b2a665662') in 0.017412 seconds 
========================================================================
Received Import Request.
  Time since last request: 0.000018 seconds.
  path: Assets/Flooded_Grounds/Content/Meshes/mBuildings/mStructures/Struct_FlowerBox_A.fbx
  artifactKey: Guid(0bcaa992920b03e46be6f4bb603d9f03) Importer(815301076,1909f56bfc062723c751e8b465ee728b)
Start importing Assets/Flooded_Grounds/Content/Meshes/mBuildings/mStructures/Struct_FlowerBox_A.fbx using Guid(0bcaa992920b03e46be6f4bb603d9f03) Importer(815301076,1909f56bfc062723c751e8b465ee728b)  -> (artifact id: 'bf569f2aff6c959c92997c63465035a0') in 0.038579 seconds 
========================================================================
Received Import Request.
  Time since last request: 0.000024 seconds.
  path: Assets/Flooded_Grounds/Content/Meshes/mBuildings/mStructures/Struct_Docking_A_COL.fbx
  artifactKey: Guid(143a664b353b0ac439702a294cfe4f2f) Importer(815301076,1909f56bfc062723c751e8b465ee728b)
Start importing Assets/Flooded_Grounds/Content/Meshes/mBuildings/mStructures/Struct_Docking_A_COL.fbx using Guid(143a664b353b0ac439702a294cfe4f2f) Importer(815301076,1909f56bfc062723c751e8b465ee728b)  -> (artifact id: '575ee4159612cae5991826ff4f3b15dc') in 0.016369 seconds 
========================================================================
Received Import Request.
  Time since last request: 0.000030 seconds.
  path: Assets/Flooded_Grounds/Content/Meshes/mBuildings/mStructures/Struct_ExtStairs_A.fbx
  artifactKey: Guid(c0c8486998ea7fc489a69424202b8299) Importer(815301076,1909f56bfc062723c751e8b465ee728b)
Start importing Assets/Flooded_Grounds/Content/Meshes/mBuildings/mStructures/Struct_ExtStairs_A.fbx using Guid(c0c8486998ea7fc489a69424202b8299) Importer(815301076,1909f56bfc062723c751e8b465ee728b)  -> (artifact id: 'c2eff8c3bfe3ff95cead59d8d6fc6f95') in 0.045079 seconds 
========================================================================
Received Import Request.
  Time since last request: 0.000026 seconds.
  path: Assets/Flooded_Grounds/Content/Meshes/mBuildings/mStructures/Struct_Fence1_Mid_A_COL.fbx
  artifactKey: Guid(99d4efbb51119b3448b55253e13ac00c) Importer(815301076,1909f56bfc062723c751e8b465ee728b)
Start importing Assets/Flooded_Grounds/Content/Meshes/mBuildings/mStructures/Struct_Fence1_Mid_A_COL.fbx using Guid(99d4efbb51119b3448b55253e13ac00c) Importer(815301076,1909f56bfc062723c751e8b465ee728b)  -> (artifact id: '9b6c52d0771aa9d73ac096b484c328b8') in 0.020634 seconds 
========================================================================
Received Import Request.
  Time since last request: 0.000089 seconds.
  path: Assets/Flooded_Grounds/Content/Meshes/mBuildings/mStructures/Struct_Fence1_Gate_B_COL.fbx
  artifactKey: Guid(ea265c625487e4c4b8cd87df549d2ec4) Importer(815301076,1909f56bfc062723c751e8b465ee728b)
Start importing Assets/Flooded_Grounds/Content/Meshes/mBuildings/mStructures/Struct_Fence1_Gate_B_COL.fbx using Guid(ea265c625487e4c4b8cd87df549d2ec4) Importer(815301076,1909f56bfc062723c751e8b465ee728b)  -> (artifact id: '380f6911b16c32d7aa06f6b52edf1648') in 0.057204 seconds 
========================================================================
Received Import Request.
  Time since last request: 0.000022 seconds.
  path: Assets/Flooded_Grounds/Content/Meshes/mBuildings/mStructures/Struct_Docking_B.fbx
  artifactKey: Guid(20e844d72a18b5b48b40d41bcbd24b0a) Importer(815301076,1909f56bfc062723c751e8b465ee728b)
Start importing Assets/Flooded_Grounds/Content/Meshes/mBuildings/mStructures/Struct_Docking_B.fbx using Guid(20e844d72a18b5b48b40d41bcbd24b0a) Importer(815301076,1909f56bfc062723c751e8b465ee728b)  -> (artifact id: 'aa46e619bd10f803c03533851fcce522') in 0.044111 seconds 
========================================================================
Received Import Request.
  Time since last request: 0.000026 seconds.
  path: Assets/Flooded_Grounds/Content/Meshes/mBuildings/mStructures/Struct_Fence2_Mid_A.fbx
  artifactKey: Guid(037bbadbde4575242961811e333ce0e6) Importer(815301076,1909f56bfc062723c751e8b465ee728b)
Start importing Assets/Flooded_Grounds/Content/Meshes/mBuildings/mStructures/Struct_Fence2_Mid_A.fbx using Guid(037bbadbde4575242961811e333ce0e6) Importer(815301076,1909f56bfc062723c751e8b465ee728b)  -> (artifact id: '6f8e0afc8dced3c55ee5f1407314a4b4') in 0.074812 seconds 
========================================================================
Received Import Request.
  Time since last request: 3.665163 seconds.
  path: Assets/Flooded_Grounds/Content/Meshes/mBuildings/mVilla1/Villa1_Base_Mid_A.fbx
  artifactKey: Guid(abb38988e3920b34b8694fa4e1f0193c) Importer(815301076,1909f56bfc062723c751e8b465ee728b)
Start importing Assets/Flooded_Grounds/Content/Meshes/mBuildings/mVilla1/Villa1_Base_Mid_A.fbx using Guid(abb38988e3920b34b8694fa4e1f0193c) Importer(815301076,1909f56bfc062723c751e8b465ee728b)  -> (artifact id: '8563f248d86ea52d2d4eba7f56d3f032') in 0.042340 seconds 
========================================================================
Received Import Request.
  Time since last request: 0.000016 seconds.
  path: Assets/Flooded_Grounds/Content/Meshes/mBuildings/mVilla1/Villa1_Wall_Mid_A.fbx
  artifactKey: Guid(aaaa3cba39c1a594e9b35c7d7fed305a) Importer(815301076,1909f56bfc062723c751e8b465ee728b)
Start importing Assets/Flooded_Grounds/Content/Meshes/mBuildings/mVilla1/Villa1_Wall_Mid_A.fbx using Guid(aaaa3cba39c1a594e9b35c7d7fed305a) Importer(815301076,1909f56bfc062723c751e8b465ee728b)  -> (artifact id: '97408bc4f565d6c6a398f5cc6729f32f') in 0.018366 seconds 
========================================================================
Received Import Request.
  Time since last request: 0.000032 seconds.
  path: Assets/Flooded_Grounds/Content/Meshes/mBuildings/mVilla1/Villa1_Floor_Mid_B.fbx
  artifactKey: Guid(a8c5be48229be9341b36a57934f9ea49) Importer(815301076,1909f56bfc062723c751e8b465ee728b)
Start importing Assets/Flooded_Grounds/Content/Meshes/mBuildings/mVilla1/Villa1_Floor_Mid_B.fbx using Guid(a8c5be48229be9341b36a57934f9ea49) Importer(815301076,1909f56bfc062723c751e8b465ee728b)  -> (artifact id: 'dd31003a773830dc6a59f8137a41988d') in 0.032525 seconds 
========================================================================
Received Import Request.
  Time since last request: 0.000021 seconds.
  path: Assets/Flooded_Grounds/Content/Meshes/mBuildings/mVilla1/Villa1_Ext_B.fbx
  artifactKey: Guid(3f8a4d9756e417441a95a1013bd3c8b5) Importer(815301076,1909f56bfc062723c751e8b465ee728b)
Start importing Assets/Flooded_Grounds/Content/Meshes/mBuildings/mVilla1/Villa1_Ext_B.fbx using Guid(3f8a4d9756e417441a95a1013bd3c8b5) Importer(815301076,1909f56bfc062723c751e8b465ee728b)  -> (artifact id: '1877720a53aec4a8e6624ea469977cd2') in 0.019501 seconds 
========================================================================
Received Import Request.
  Time since last request: 0.000027 seconds.
  path: Assets/Flooded_Grounds/Content/Meshes/mBuildings/mVilla1/Villa1_Deco_IntDivider_A.fbx
  artifactKey: Guid(6e620a913db90694a9a58b3392d3688d) Importer(815301076,1909f56bfc062723c751e8b465ee728b)
Start importing Assets/Flooded_Grounds/Content/Meshes/mBuildings/mVilla1/Villa1_Deco_IntDivider_A.fbx using Guid(6e620a913db90694a9a58b3392d3688d) Importer(815301076,1909f56bfc062723c751e8b465ee728b)  -> (artifact id: '72cdd62558758a20307e17650fac093e') in 0.015663 seconds 
========================================================================
Received Import Request.
  Time since last request: 0.000014 seconds.
  path: Assets/Flooded_Grounds/Content/Meshes/mBuildings/mVilla1/Villa1_Deco_Handrail1_Cor_A_COL.fbx
  artifactKey: Guid(9e41b404f42207945b15f0ffb5253cb2) Importer(815301076,1909f56bfc062723c751e8b465ee728b)
Start importing Assets/Flooded_Grounds/Content/Meshes/mBuildings/mVilla1/Villa1_Deco_Handrail1_Cor_A_COL.fbx using Guid(9e41b404f42207945b15f0ffb5253cb2) Importer(815301076,1909f56bfc062723c751e8b465ee728b)  -> (artifact id: '1182ab1df3f2d98c2a3b93c8f03710d8') in 0.059494 seconds 
========================================================================
Received Import Request.
  Time since last request: 0.000018 seconds.
  path: Assets/Flooded_Grounds/Content/Meshes/mBuildings/mVilla1/Villa1_Top_Cor_A.fbx
  artifactKey: Guid(42f0acf94313a9a4790bb9c1d841e75f) Importer(815301076,1909f56bfc062723c751e8b465ee728b)
Start importing Assets/Flooded_Grounds/Content/Meshes/mBuildings/mVilla1/Villa1_Top_Cor_A.fbx using Guid(42f0acf94313a9a4790bb9c1d841e75f) Importer(815301076,1909f56bfc062723c751e8b465ee728b)  -> (artifact id: '0f7c4980a955b5b263ba25c9a7bdedde') in 0.059793 seconds 
========================================================================
Received Import Request.
  Time since last request: 0.000023 seconds.
  path: Assets/Flooded_Grounds/Content/Meshes/mBuildings/mVilla1/Villa1_Floor_Mid_C.fbx
  artifactKey: Guid(fbdc0b46211af014dbc348bcceba3018) Importer(815301076,1909f56bfc062723c751e8b465ee728b)
Start importing Assets/Flooded_Grounds/Content/Meshes/mBuildings/mVilla1/Villa1_Floor_Mid_C.fbx using Guid(fbdc0b46211af014dbc348bcceba3018) Importer(815301076,1909f56bfc062723c751e8b465ee728b)  -> (artifact id: '34331dffe9f5cbafcd393aac48697543') in 0.017958 seconds 
========================================================================
Received Import Request.
  Time since last request: 0.000018 seconds.
  path: Assets/Flooded_Grounds/Content/Meshes/mBuildings/mVilla1/Villa1_Wall_Cor_A.fbx
  artifactKey: Guid(13394e3b0bd7def44903980377610326) Importer(815301076,1909f56bfc062723c751e8b465ee728b)
Start importing Assets/Flooded_Grounds/Content/Meshes/mBuildings/mVilla1/Villa1_Wall_Cor_A.fbx using Guid(13394e3b0bd7def44903980377610326) Importer(815301076,1909f56bfc062723c751e8b465ee728b)  -> (artifact id: '2f7d1fcdedda6eda262098da63079b62') in 0.015010 seconds 
========================================================================
Received Import Request.
  Time since last request: 0.000018 seconds.
  path: Assets/Flooded_Grounds/Content/Meshes/mBuildings/mVilla1/Villa1_Wall_Mid_C.fbx
  artifactKey: Guid(bb90ea7b393003a4fadde51d212de48d) Importer(815301076,1909f56bfc062723c751e8b465ee728b)
Start importing Assets/Flooded_Grounds/Content/Meshes/mBuildings/mVilla1/Villa1_Wall_Mid_C.fbx using Guid(bb90ea7b393003a4fadde51d212de48d) Importer(815301076,1909f56bfc062723c751e8b465ee728b)  -> (artifact id: '911a729a75a1e75285943740ca061bb4') in 0.017981 seconds 
========================================================================
Received Import Request.
  Time since last request: 0.000017 seconds.
  path: Assets/Flooded_Grounds/Content/Meshes/mBuildings/mVilla1/Villa1_Floor_Mid_A_4x.fbx
  artifactKey: Guid(bc91e04fa85386041b9e5dc13c8f4f1a) Importer(815301076,1909f56bfc062723c751e8b465ee728b)
Start importing Assets/Flooded_Grounds/Content/Meshes/mBuildings/mVilla1/Villa1_Floor_Mid_A_4x.fbx using Guid(bc91e04fa85386041b9e5dc13c8f4f1a) Importer(815301076,1909f56bfc062723c751e8b465ee728b)  -> (artifact id: '3e4c4707ca4fd823d161683b67dced4c') in 0.018295 seconds 
========================================================================
Received Import Request.
  Time since last request: 0.000018 seconds.
  path: Assets/Flooded_Grounds/Content/Meshes/mBuildings/mVilla1/Villa1_Deco_Column_Top_A.fbx
  artifactKey: Guid(b9a58136eccdcba49a7bb3b09b3036da) Importer(815301076,1909f56bfc062723c751e8b465ee728b)
Start importing Assets/Flooded_Grounds/Content/Meshes/mBuildings/mVilla1/Villa1_Deco_Column_Top_A.fbx using Guid(b9a58136eccdcba49a7bb3b09b3036da) Importer(815301076,1909f56bfc062723c751e8b465ee728b)  -> (artifact id: '38b789614867eac5fca67440a8ddef6c') in 0.040636 seconds 
========================================================================
Received Import Request.
  Time since last request: 0.000016 seconds.
  path: Assets/Flooded_Grounds/Content/Meshes/mBuildings/mVilla1/Villa1_Deco_Column_Mid_A.fbx
  artifactKey: Guid(bb06d490cdab16b48b82d466f97f5f48) Importer(815301076,1909f56bfc062723c751e8b465ee728b)
Start importing Assets/Flooded_Grounds/Content/Meshes/mBuildings/mVilla1/Villa1_Deco_Column_Mid_A.fbx using Guid(bb06d490cdab16b48b82d466f97f5f48) Importer(815301076,1909f56bfc062723c751e8b465ee728b)  -> (artifact id: 'c1c118331871b71951ab03335ee253a9') in 0.054254 seconds 
========================================================================
Received Import Request.
  Time since last request: 0.000053 seconds.
  path: Assets/Flooded_Grounds/Content/Meshes/mBuildings/mVilla1/Villa1_Deco_WindowGlass_B.fbx
  artifactKey: Guid(2fb8692a37585c547af0e7d90026381d) Importer(815301076,1909f56bfc062723c751e8b465ee728b)
Start importing Assets/Flooded_Grounds/Content/Meshes/mBuildings/mVilla1/Villa1_Deco_WindowGlass_B.fbx using Guid(2fb8692a37585c547af0e7d90026381d) Importer(815301076,1909f56bfc062723c751e8b465ee728b)  -> (artifact id: '98c9dddf81e3d22807fc31235bca5246') in 0.016915 seconds 
========================================================================
Received Import Request.
  Time since last request: 0.000022 seconds.
  path: Assets/Flooded_Grounds/Content/Meshes/mBuildings/mVilla1/Villa1_Roof_Mid_B.fbx
  artifactKey: Guid(cf10e39299852b544be470cecaf8e520) Importer(815301076,1909f56bfc062723c751e8b465ee728b)
Start importing Assets/Flooded_Grounds/Content/Meshes/mBuildings/mVilla1/Villa1_Roof_Mid_B.fbx using Guid(cf10e39299852b544be470cecaf8e520) Importer(815301076,1909f56bfc062723c751e8b465ee728b)  -> (artifact id: '1f11eed5205cdc9a76f7c4f75eb4411d') in 0.016463 seconds 
========================================================================
Received Import Request.
  Time since last request: 0.775818 seconds.
  path: Assets/Flooded_Grounds/Content/Meshes/mBuildings/mVilla2/Villa2_Base_Cor_B.fbx
  artifactKey: Guid(aff33108ca713d3419f969f76a000678) Importer(815301076,1909f56bfc062723c751e8b465ee728b)
Start importing Assets/Flooded_Grounds/Content/Meshes/mBuildings/mVilla2/Villa2_Base_Cor_B.fbx using Guid(aff33108ca713d3419f969f76a000678) Importer(815301076,1909f56bfc062723c751e8b465ee728b)  -> (artifact id: 'ec214f016e02053491b091f3eb06d72f') in 0.015221 seconds 
========================================================================
Received Import Request.
  Time since last request: 0.000018 seconds.
  path: Assets/Flooded_Grounds/Content/Meshes/mBuildings/mVilla2/Villa2_Wall_Int_A.fbx
  artifactKey: Guid(a79322822d34c9a439a2fbb5dc1d7ec5) Importer(815301076,1909f56bfc062723c751e8b465ee728b)
Start importing Assets/Flooded_Grounds/Content/Meshes/mBuildings/mVilla2/Villa2_Wall_Int_A.fbx using Guid(a79322822d34c9a439a2fbb5dc1d7ec5) Importer(815301076,1909f56bfc062723c751e8b465ee728b)  -> (artifact id: '1c3ae1ac7a8f330cf5f24f15ded17625') in 0.016040 seconds 
========================================================================
Received Import Request.
  Time since last request: 0.000018 seconds.
  path: Assets/Flooded_Grounds/Content/Meshes/mBuildings/mVilla2/Villa2_Roof_Mid_A_4x.fbx
  artifactKey: Guid(aec74c8803cbf0f4db741e432cf1be24) Importer(815301076,1909f56bfc062723c751e8b465ee728b)
Start importing Assets/Flooded_Grounds/Content/Meshes/mBuildings/mVilla2/Villa2_Roof_Mid_A_4x.fbx using Guid(aec74c8803cbf0f4db741e432cf1be24) Importer(815301076,1909f56bfc062723c751e8b465ee728b)  -> (artifact id: '451bf61591d6f153495366ea17437ec6') in 0.013838 seconds 
========================================================================
Received Import Request.
  Time since last request: 0.000017 seconds.
  path: Assets/Flooded_Grounds/Content/Meshes/mBuildings/mVilla2/Villa2_Deco_Handrail1_Cor_A_COL.fbx
  artifactKey: Guid(6f527d60810a69240aeedcfa09da64bb) Importer(815301076,1909f56bfc062723c751e8b465ee728b)
Start importing Assets/Flooded_Grounds/Content/Meshes/mBuildings/mVilla2/Villa2_Deco_Handrail1_Cor_A_COL.fbx using Guid(6f527d60810a69240aeedcfa09da64bb) Importer(815301076,1909f56bfc062723c751e8b465ee728b)  -> (artifact id: 'f2f103bdb006f85a7527ffd9ce5fbc1c') in 0.016653 seconds 
========================================================================
Received Import Request.
  Time since last request: 0.000027 seconds.
  path: Assets/Flooded_Grounds/Content/Meshes/mBuildings/mVilla2/Villa2_Wall_Cor_B.fbx
  artifactKey: Guid(49b691abea49c6e499af47b3d1a680c6) Importer(815301076,1909f56bfc062723c751e8b465ee728b)
Start importing Assets/Flooded_Grounds/Content/Meshes/mBuildings/mVilla2/Villa2_Wall_Cor_B.fbx using Guid(49b691abea49c6e499af47b3d1a680c6) Importer(815301076,1909f56bfc062723c751e8b465ee728b)  -> (artifact id: '1827f2c3815adf0b4b5554ee7316f8f1') in 0.017459 seconds 
========================================================================
Received Import Request.
  Time since last request: 0.000020 seconds.
  path: Assets/Flooded_Grounds/Content/Meshes/mBuildings/mVilla2/Villa2_Door_A.fbx
  artifactKey: Guid(18b3a5bc912e52242b16bd2f42d6407b) Importer(815301076,1909f56bfc062723c751e8b465ee728b)
Start importing Assets/Flooded_Grounds/Content/Meshes/mBuildings/mVilla2/Villa2_Door_A.fbx using Guid(18b3a5bc912e52242b16bd2f42d6407b) Importer(815301076,1909f56bfc062723c751e8b465ee728b)  -> (artifact id: '5e4f41a832173cc4be6c6fa04aba600d') in 0.017840 seconds 
========================================================================
Received Import Request.
  Time since last request: 0.000020 seconds.
  path: Assets/Flooded_Grounds/Content/Meshes/mBuildings/mVilla2/Villa2_Wall_Mid_C.fbx
  artifactKey: Guid(f474bed2579e4d24f93d4a697f07baf4) Importer(815301076,1909f56bfc062723c751e8b465ee728b)
Start importing Assets/Flooded_Grounds/Content/Meshes/mBuildings/mVilla2/Villa2_Wall_Mid_C.fbx using Guid(f474bed2579e4d24f93d4a697f07baf4) Importer(815301076,1909f56bfc062723c751e8b465ee728b)  -> (artifact id: '76a09252a30cc8bd606f54b555370cf4') in 0.017136 seconds 
========================================================================
Received Import Request.
  Time since last request: 0.000040 seconds.
  path: Assets/Flooded_Grounds/Content/Meshes/mBuildings/mVilla2/Villa2_Wall_Ext_A_COL.fbx
  artifactKey: Guid(1182b798a2fdbcc41ab391b565c18417) Importer(815301076,1909f56bfc062723c751e8b465ee728b)
Start importing Assets/Flooded_Grounds/Content/Meshes/mBuildings/mVilla2/Villa2_Wall_Ext_A_COL.fbx using Guid(1182b798a2fdbcc41ab391b565c18417) Importer(815301076,1909f56bfc062723c751e8b465ee728b)  -> (artifact id: '90aaa376eb2e58d49af8df6b22547e1b') in 0.024642 seconds 
========================================================================
Received Import Request.
  Time since last request: 0.000028 seconds.
  path: Assets/Flooded_Grounds/Content/Meshes/mBuildings/mVilla2/Villa2_IntStairs_B.fbx
  artifactKey: Guid(f59178ad67e89e2429b357e1e65e34d8) Importer(815301076,1909f56bfc062723c751e8b465ee728b)
Start importing Assets/Flooded_Grounds/Content/Meshes/mBuildings/mVilla2/Villa2_IntStairs_B.fbx using Guid(f59178ad67e89e2429b357e1e65e34d8) Importer(815301076,1909f56bfc062723c751e8b465ee728b)  -> (artifact id: '1a3eda4355cb11d9c5265e623fb4818e') in 0.018044 seconds 
========================================================================
Received Import Request.
  Time since last request: 0.000018 seconds.
  path: Assets/Flooded_Grounds/Content/Meshes/mBuildings/mVilla2/Villa2_Deco_Handrail1_Cap_A.fbx
  artifactKey: Guid(5fe6d00718bb8b542a8d16a00b059db7) Importer(815301076,1909f56bfc062723c751e8b465ee728b)
Start importing Assets/Flooded_Grounds/Content/Meshes/mBuildings/mVilla2/Villa2_Deco_Handrail1_Cap_A.fbx using Guid(5fe6d00718bb8b542a8d16a00b059db7) Importer(815301076,1909f56bfc062723c751e8b465ee728b)  -> (artifact id: 'a5f9d16eb77f0ae5ffefea85e744d93b') in 0.014645 seconds 
========================================================================
Received Import Request.
  Time since last request: 0.000019 seconds.
  path: Assets/Flooded_Grounds/Content/Meshes/mBuildings/mVilla2/Villa2_Deco_Column_Mid_A.fbx
  artifactKey: Guid(94a4dae0316550a4e9e4c2b30543c7bd) Importer(815301076,1909f56bfc062723c751e8b465ee728b)
Start importing Assets/Flooded_Grounds/Content/Meshes/mBuildings/mVilla2/Villa2_Deco_Column_Mid_A.fbx using Guid(94a4dae0316550a4e9e4c2b30543c7bd) Importer(815301076,1909f56bfc062723c751e8b465ee728b)  -> (artifact id: 'ddefa6a739610bff942897c017a81949') in 0.020721 seconds 
========================================================================
Received Import Request.
  Time since last request: 0.000020 seconds.
  path: Assets/Flooded_Grounds/Content/Meshes/mBuildings/mVilla2/Villa2_Floor_Mid_A_4x.fbx
  artifactKey: Guid(0b790806c6256594b9fe80ac567508b3) Importer(815301076,1909f56bfc062723c751e8b465ee728b)
Start importing Assets/Flooded_Grounds/Content/Meshes/mBuildings/mVilla2/Villa2_Floor_Mid_A_4x.fbx using Guid(0b790806c6256594b9fe80ac567508b3) Importer(815301076,1909f56bfc062723c751e8b465ee728b)  -> (artifact id: '227cf1f6c345cdae04238883e26cf06e') in 0.018459 seconds 
========================================================================
Received Import Request.
  Time since last request: 0.000023 seconds.
  path: Assets/Flooded_Grounds/Content/Meshes/mBuildings/mVilla2/Villa2_IntStairs_B_COL.fbx
  artifactKey: Guid(ff5b3bb432adde946bb798fed576dfa6) Importer(815301076,1909f56bfc062723c751e8b465ee728b)
Start importing Assets/Flooded_Grounds/Content/Meshes/mBuildings/mVilla2/Villa2_IntStairs_B_COL.fbx using Guid(ff5b3bb432adde946bb798fed576dfa6) Importer(815301076,1909f56bfc062723c751e8b465ee728b)  -> (artifact id: '0855ab1ff27452b9acd4b89244d7c3ed') in 0.032984 seconds 
========================================================================
Received Import Request.
  Time since last request: 0.000025 seconds.
  path: Assets/Flooded_Grounds/Content/Meshes/mBuildings/mVilla2/Villa2_Wall_Mid_A.fbx
  artifactKey: Guid(1734aa20b000ddf44a644518efe5268a) Importer(815301076,1909f56bfc062723c751e8b465ee728b)
Start importing Assets/Flooded_Grounds/Content/Meshes/mBuildings/mVilla2/Villa2_Wall_Mid_A.fbx using Guid(1734aa20b000ddf44a644518efe5268a) Importer(815301076,1909f56bfc062723c751e8b465ee728b)  -> (artifact id: 'b3978d39a4ad8eb737ec62633ff0fbd5') in 0.018738 seconds 
========================================================================
Received Import Request.
  Time since last request: 0.000044 seconds.
  path: Assets/Flooded_Grounds/Content/Meshes/mBuildings/mVilla2/Villa2_Deco_Handrail1_Mid_A.fbx
  artifactKey: Guid(e1b329b5ccf8aea4d82ee4ef7c5f0e05) Importer(815301076,1909f56bfc062723c751e8b465ee728b)
Start importing Assets/Flooded_Grounds/Content/Meshes/mBuildings/mVilla2/Villa2_Deco_Handrail1_Mid_A.fbx using Guid(e1b329b5ccf8aea4d82ee4ef7c5f0e05) Importer(815301076,1909f56bfc062723c751e8b465ee728b)  -> (artifact id: 'e3975c902142de91403bf163ca545b43') in 0.017299 seconds 
========================================================================
Received Import Request.
  Time since last request: 0.000026 seconds.
  path: Assets/Flooded_Grounds/Content/Meshes/mBuildings/mVilla2/Villa2_IntStairs_A_COL.fbx
  artifactKey: Guid(f3acf8c6d2709d747bec015a6281a927) Importer(815301076,1909f56bfc062723c751e8b465ee728b)
Start importing Assets/Flooded_Grounds/Content/Meshes/mBuildings/mVilla2/Villa2_IntStairs_A_COL.fbx using Guid(f3acf8c6d2709d747bec015a6281a927) Importer(815301076,1909f56bfc062723c751e8b465ee728b)  -> (artifact id: 'cb3037227ca41154f2114adef9449ad7') in 0.020038 seconds 
========================================================================
Received Import Request.
  Time since last request: 0.000025 seconds.
  path: Assets/Flooded_Grounds/Content/Meshes/mBuildings/mVilla2/Villa2_Top_Cor_C.fbx
  artifactKey: Guid(8c56f6f982a971643a69658635f23313) Importer(815301076,1909f56bfc062723c751e8b465ee728b)
Start importing Assets/Flooded_Grounds/Content/Meshes/mBuildings/mVilla2/Villa2_Top_Cor_C.fbx using Guid(8c56f6f982a971643a69658635f23313) Importer(815301076,1909f56bfc062723c751e8b465ee728b)  -> (artifact id: 'a25dffe5abede8718cfd00f64a0043a0') in 0.027629 seconds 
========================================================================
Received Import Request.
  Time since last request: 0.000017 seconds.
  path: Assets/Flooded_Grounds/Content/Meshes/mBuildings/mVilla2/Villa2_Deco_RoofPiece_D.fbx
  artifactKey: Guid(f192cad3e364e1648bd09b399d502f1b) Importer(815301076,1909f56bfc062723c751e8b465ee728b)
Start importing Assets/Flooded_Grounds/Content/Meshes/mBuildings/mVilla2/Villa2_Deco_RoofPiece_D.fbx using Guid(f192cad3e364e1648bd09b399d502f1b) Importer(815301076,1909f56bfc062723c751e8b465ee728b)  -> (artifact id: '815f7e4566a6bbd12e03ac913e435cf9') in 0.018351 seconds 
========================================================================
Received Import Request.
  Time since last request: 0.000023 seconds.
  path: Assets/Flooded_Grounds/Content/Meshes/mBuildings/mVilla2/Villa2_Wall_Cor_A_COL.fbx
  artifactKey: Guid(8983659a0b8a2ae4e9adc3e59478b394) Importer(815301076,1909f56bfc062723c751e8b465ee728b)
Start importing Assets/Flooded_Grounds/Content/Meshes/mBuildings/mVilla2/Villa2_Wall_Cor_A_COL.fbx using Guid(8983659a0b8a2ae4e9adc3e59478b394) Importer(815301076,1909f56bfc062723c751e8b465ee728b)  -> (artifact id: '07c30cd585b33be9a8302d4b676bb57d') in 0.015813 seconds 
========================================================================
Received Import Request.
  Time since last request: 197.394937 seconds.
  path: Assets/Flooded_Grounds/Content/Meshes/mHelpers/HumanScale.fbx
  artifactKey: Guid(34994d1b2ee76914f84faad1b7904b47) Importer(815301076,1909f56bfc062723c751e8b465ee728b)
Start importing Assets/Flooded_Grounds/Content/Meshes/mHelpers/HumanScale.fbx using Guid(34994d1b2ee76914f84faad1b7904b47) Importer(815301076,1909f56bfc062723c751e8b465ee728b)  -> (artifact id: '9706daba731f300483577be12602be53') in 0.040509 seconds 
========================================================================
Received Import Request.
  Time since last request: 439.213338 seconds.
  path: Assets/Flooded_Grounds/Content/Textures/PROP_Beds1_AO.tif
  artifactKey: Guid(3d24556bbcdd2d740aeb463e398d74c5) Importer(815301076,1909f56bfc062723c751e8b465ee728b)
Start importing Assets/Flooded_Grounds/Content/Textures/PROP_Beds1_AO.tif using Guid(3d24556bbcdd2d740aeb463e398d74c5) Importer(815301076,1909f56bfc062723c751e8b465ee728b)  -> (artifact id: '10280f030d97aa60ce2b31da3ce5a20e') in 0.025757 seconds 
========================================================================
Received Import Request.
  Time since last request: 0.000027 seconds.
  path: Assets/Flooded_Grounds/Content/Textures/PROP_Cabinets1_AO.tif
  artifactKey: Guid(6627e89c3fefb9447a70a542c29e66e4) Importer(815301076,1909f56bfc062723c751e8b465ee728b)
Start importing Assets/Flooded_Grounds/Content/Textures/PROP_Cabinets1_AO.tif using Guid(6627e89c3fefb9447a70a542c29e66e4) Importer(815301076,1909f56bfc062723c751e8b465ee728b)  -> (artifact id: '51ec242276520c0d02267836b53415a8') in 0.052496 seconds 
========================================================================
Received Import Request.
  Time since last request: 0.000016 seconds.
  path: Assets/Flooded_Grounds/Content/Textures/PROP_Boat1_A.tif
  artifactKey: Guid(d6f27195030c7464cadb3d67e41abc58) Importer(815301076,1909f56bfc062723c751e8b465ee728b)
Start importing Assets/Flooded_Grounds/Content/Textures/PROP_Boat1_A.tif using Guid(d6f27195030c7464cadb3d67e41abc58) Importer(815301076,1909f56bfc062723c751e8b465ee728b)  -> (artifact id: '0bc1309d96b7ff6b138c36986b39b58e') in 0.057687 seconds 
========================================================================
Received Import Request.
  Time since last request: 0.000021 seconds.
  path: Assets/Flooded_Grounds/Content/Textures/PROP_Car1_AO.tif
  artifactKey: Guid(c5621d59e16f0ce47bcd84076fa3a382) Importer(815301076,1909f56bfc062723c751e8b465ee728b)
Start importing Assets/Flooded_Grounds/Content/Textures/PROP_Car1_AO.tif using Guid(c5621d59e16f0ce47bcd84076fa3a382) Importer(815301076,1909f56bfc062723c751e8b465ee728b)  -> (artifact id: '45b932bcdcbfd7bcb45e1d631aa3c58f') in 0.012775 seconds 
========================================================================
Received Import Request.
  Time since last request: 0.000017 seconds.
  path: Assets/Flooded_Grounds/Content/Textures/PROP_Car1_N.tif
  artifactKey: Guid(6fa141c84c783e443b399bacfc4bee1c) Importer(815301076,1909f56bfc062723c751e8b465ee728b)
Start importing Assets/Flooded_Grounds/Content/Textures/PROP_Car1_N.tif using Guid(6fa141c84c783e443b399bacfc4bee1c) Importer(815301076,1909f56bfc062723c751e8b465ee728b)  -> (artifact id: '060c8775d7aa82f4c541ea185a8fb857') in 0.041001 seconds 
========================================================================
Received Import Request.
  Time since last request: 0.000032 seconds.
  path: Assets/Flooded_Grounds/Content/Textures/PROP_Cabinets1_MS.tif
  artifactKey: Guid(d0317a7dbc9e55d4fba37ce367563793) Importer(815301076,1909f56bfc062723c751e8b465ee728b)
Start importing Assets/Flooded_Grounds/Content/Textures/PROP_Cabinets1_MS.tif using Guid(d0317a7dbc9e55d4fba37ce367563793) Importer(815301076,1909f56bfc062723c751e8b465ee728b)  -> (artifact id: '8edd2bfd5a5735c76a85661d90f626fc') in 0.013728 seconds 
========================================================================
Received Import Request.
  Time since last request: 0.000030 seconds.
  path: Assets/Flooded_Grounds/Content/Textures/PROP_Cabinets1_A.tif
  artifactKey: Guid(152087961bad0ad4aa2d2863baa4c853) Importer(815301076,1909f56bfc062723c751e8b465ee728b)
Start importing Assets/Flooded_Grounds/Content/Textures/PROP_Cabinets1_A.tif using Guid(152087961bad0ad4aa2d2863baa4c853) Importer(815301076,1909f56bfc062723c751e8b465ee728b)  -> (artifact id: 'c18cc49df26a26da485cd80c825af8a2') in 0.013900 seconds 
========================================================================
Received Import Request.
  Time since last request: 0.340220 seconds.
  path: Assets/Flooded_Grounds/Content/Textures/PROP_FlyingSaucer1_AO.tif
  artifactKey: Guid(b0c724f0563e87b42b5f855fef070282) Importer(815301076,1909f56bfc062723c751e8b465ee728b)
Start importing Assets/Flooded_Grounds/Content/Textures/PROP_FlyingSaucer1_AO.tif using Guid(b0c724f0563e87b42b5f855fef070282) Importer(815301076,1909f56bfc062723c751e8b465ee728b)  -> (artifact id: '603202fa6b70a1ec80d014b321661d67') in 0.015206 seconds 
========================================================================
Received Import Request.
  Time since last request: 0.000018 seconds.
  path: Assets/Flooded_Grounds/Content/Textures/PROP_FlyingSaucer1_N.tif
  artifactKey: Guid(6c546f90bdb2f3d478d9ec25c127d540) Importer(815301076,1909f56bfc062723c751e8b465ee728b)
Start importing Assets/Flooded_Grounds/Content/Textures/PROP_FlyingSaucer1_N.tif using Guid(6c546f90bdb2f3d478d9ec25c127d540) Importer(815301076,1909f56bfc062723c751e8b465ee728b)  -> (artifact id: '6ef3c94d18ef980db475da9ccec1f2a5') in 0.029761 seconds 
========================================================================
Received Import Request.
  Time since last request: 0.000026 seconds.
  path: Assets/Flooded_Grounds/Content/Textures/PROP_SmallProps1_N.tif
  artifactKey: Guid(9a023cc720ddf584aa6fdd93c95293e6) Importer(815301076,1909f56bfc062723c751e8b465ee728b)
Start importing Assets/Flooded_Grounds/Content/Textures/PROP_SmallProps1_N.tif using Guid(9a023cc720ddf584aa6fdd93c95293e6) Importer(815301076,1909f56bfc062723c751e8b465ee728b)  -> (artifact id: 'e1d178c0d5f3816d500f899999993144') in 0.014427 seconds 
========================================================================
Received Import Request.
  Time since last request: 0.000019 seconds.
  path: Assets/Flooded_Grounds/Content/Textures/PROP_Gravestones1_AO.tif
  artifactKey: Guid(7ac9436318cb4474dacd369def18c01a) Importer(815301076,1909f56bfc062723c751e8b465ee728b)
Start importing Assets/Flooded_Grounds/Content/Textures/PROP_Gravestones1_AO.tif using Guid(7ac9436318cb4474dacd369def18c01a) Importer(815301076,1909f56bfc062723c751e8b465ee728b)  -> (artifact id: '3076ff5dbbbcf9d395eda99ca378acdb') in 0.011762 seconds 
========================================================================
Received Import Request.
  Time since last request: 0.000024 seconds.
  path: Assets/Flooded_Grounds/Content/Textures/PROP_SmallProps2_AO.tif
  artifactKey: Guid(331829054f7fecd489e93220a51e9254) Importer(815301076,1909f56bfc062723c751e8b465ee728b)
Start importing Assets/Flooded_Grounds/Content/Textures/PROP_SmallProps2_AO.tif using Guid(331829054f7fecd489e93220a51e9254) Importer(815301076,1909f56bfc062723c751e8b465ee728b)  -> (artifact id: 'b64633fa94279a416b1890ee33fe6e28') in 0.013274 seconds 
========================================================================
Received Import Request.
  Time since last request: 0.000023 seconds.
  path: Assets/Flooded_Grounds/Content/Textures/PROP_SmallProps1_AO.tif
  artifactKey: Guid(b2d1eaab029b2474d98cfe01cf864159) Importer(815301076,1909f56bfc062723c751e8b465ee728b)
Start importing Assets/Flooded_Grounds/Content/Textures/PROP_SmallProps1_AO.tif using Guid(b2d1eaab029b2474d98cfe01cf864159) Importer(815301076,1909f56bfc062723c751e8b465ee728b)  -> (artifact id: '9a6062cf3a7c4711ab2b02d32cd39fa0') in 0.011116 seconds 
========================================================================
Received Import Request.
  Time since last request: 0.000020 seconds.
  path: Assets/Flooded_Grounds/Content/Textures/PROP_ParkBench1_A.tif
  artifactKey: Guid(893d8602ac61c274295a9b2be12d7f73) Importer(815301076,1909f56bfc062723c751e8b465ee728b)
Start importing Assets/Flooded_Grounds/Content/Textures/PROP_ParkBench1_A.tif using Guid(893d8602ac61c274295a9b2be12d7f73) Importer(815301076,1909f56bfc062723c751e8b465ee728b)  -> (artifact id: 'b0acbc9432f66eb7bb4f0521cccab271') in 0.013178 seconds 
========================================================================
Received Import Request.
  Time since last request: 0.000027 seconds.
  path: Assets/Flooded_Grounds/Content/Textures/PROP_RugsPaintigs1_A.tif
  artifactKey: Guid(dfcb20adef4f1014ea0668125cf5047b) Importer(815301076,1909f56bfc062723c751e8b465ee728b)
Start importing Assets/Flooded_Grounds/Content/Textures/PROP_RugsPaintigs1_A.tif using Guid(dfcb20adef4f1014ea0668125cf5047b) Importer(815301076,1909f56bfc062723c751e8b465ee728b)  -> (artifact id: 'bdf26e2855b7f35ed8570e7163b19e14') in 0.014165 seconds 
========================================================================
Received Import Request.
  Time since last request: 0.000019 seconds.
  path: Assets/Flooded_Grounds/Content/Textures/PROP_ParkBench1_MS.tif
  artifactKey: Guid(4ca534e0d49fae24eb5b0c6d90cb970a) Importer(815301076,1909f56bfc062723c751e8b465ee728b)
Start importing Assets/Flooded_Grounds/Content/Textures/PROP_ParkBench1_MS.tif using Guid(4ca534e0d49fae24eb5b0c6d90cb970a) Importer(815301076,1909f56bfc062723c751e8b465ee728b)  -> (artifact id: '87d0810b87e3a0a28d17dec76c2c4d3d') in 0.014956 seconds 
========================================================================
Received Import Request.
  Time since last request: 0.000017 seconds.
  path: Assets/Flooded_Grounds/Content/Textures/PROP_SmallProps2_N.tif
  artifactKey: Guid(04dceaee8a3adf84bbf594eeddddf726) Importer(815301076,1909f56bfc062723c751e8b465ee728b)
Start importing Assets/Flooded_Grounds/Content/Textures/PROP_SmallProps2_N.tif using Guid(04dceaee8a3adf84bbf594eeddddf726) Importer(815301076,1909f56bfc062723c751e8b465ee728b)  -> (artifact id: 'cd1aeb9163834ad4ebe3d159210de513') in 0.017342 seconds 
========================================================================
Received Import Request.
  Time since last request: 0.000026 seconds.
  path: Assets/Flooded_Grounds/Content/Textures/PROP_Gravestones1_N.tif
  artifactKey: Guid(7cd0e8a8815bb0143a259b81bab8c78a) Importer(815301076,1909f56bfc062723c751e8b465ee728b)
Start importing Assets/Flooded_Grounds/Content/Textures/PROP_Gravestones1_N.tif using Guid(7cd0e8a8815bb0143a259b81bab8c78a) Importer(815301076,1909f56bfc062723c751e8b465ee728b)  -> (artifact id: '51088b71e0f525de641c204de4631ee6') in 0.029689 seconds 
========================================================================
Received Import Request.
  Time since last request: 0.000023 seconds.
  path: Assets/Flooded_Grounds/Content/Textures/PROP_SmallProps1_A.tif
  artifactKey: Guid(237b057e663a74e41be862053ec11ef0) Importer(815301076,1909f56bfc062723c751e8b465ee728b)
Start importing Assets/Flooded_Grounds/Content/Textures/PROP_SmallProps1_A.tif using Guid(237b057e663a74e41be862053ec11ef0) Importer(815301076,1909f56bfc062723c751e8b465ee728b)  -> (artifact id: 'ae8cb62c6810e93688dd675d4bdc073e') in 0.015429 seconds 
========================================================================
Received Import Request.
  Time since last request: 0.000031 seconds.
  path: Assets/Flooded_Grounds/Content/Textures/PROP_Gravestones1_MS.tif
  artifactKey: Guid(a1f36fe6a2375334983d62a76bf346ff) Importer(815301076,1909f56bfc062723c751e8b465ee728b)
Start importing Assets/Flooded_Grounds/Content/Textures/PROP_Gravestones1_MS.tif using Guid(a1f36fe6a2375334983d62a76bf346ff) Importer(815301076,1909f56bfc062723c751e8b465ee728b)  -> (artifact id: 'bf9c56a691a36d514bbaaf2f4990295a') in 0.013255 seconds 
Editor requested this worker to shutdown with reason: Scaling down because of idle timeout
AssetImportWorker is now disconnected from the server
Process exiting
Exiting without the bug reporter. Application will terminate with return code 0