Using pre-set license
Built from '2021.3/staging' branch; Version is '2021.3.9f1 (ad3870b89536) revision 11352176'; Using compiler version '192829333'; Build Type 'Release'
OS: 'Windows 10  (10.0.19044) 64bit Professional' Language: 'es' Physical Memory: 15742 MB
BatchMode: 1, IsHumanControllingUs: 0, StartBugReporterOnCrash: 0, Is64bit: 1, IsPro: 1

COMMAND LINE ARGUMENTS:
C:\Program Files\Unity\Hub\Editor\2021.3.9f1\Editor\Unity.exe
-adb2
-batchMode
-noUpm
-name
AssetImportWorker3
-projectPath
C:/Users/User/My project (3)
-logFile
Logs/AssetImportWorker3.log
-srvPort
53950
Successfully changed project path to: C:/Users/User/My project (3)
C:/Users/User/My project (3)
[UnityMemory] Configuration Parameters - Can be set up in boot.config
    "memorysetup-bucket-allocator-granularity=16"
    "memorysetup-bucket-allocator-bucket-count=8"
    "memorysetup-bucket-allocator-block-size=33554432"
    "memorysetup-bucket-allocator-block-count=8"
    "memorysetup-main-allocator-block-size=16777216"
    "memorysetup-thread-allocator-block-size=16777216"
    "memorysetup-gfx-main-allocator-block-size=16777216"
    "memorysetup-gfx-thread-allocator-block-size=16777216"
    "memorysetup-cache-allocator-block-size=4194304"
    "memorysetup-typetree-allocator-block-size=2097152"
    "memorysetup-profiler-bucket-allocator-granularity=16"
    "memorysetup-profiler-bucket-allocator-bucket-count=8"
    "memorysetup-profiler-bucket-allocator-block-size=33554432"
    "memorysetup-profiler-bucket-allocator-block-count=8"
    "memorysetup-profiler-allocator-block-size=16777216"
    "memorysetup-profiler-editor-allocator-block-size=1048576"
    "memorysetup-temp-allocator-size-main=16777216"
    "memorysetup-job-temp-allocator-block-size=2097152"
    "memorysetup-job-temp-allocator-block-size-background=1048576"
    "memorysetup-job-temp-allocator-reduction-small-platforms=262144"
    "memorysetup-temp-allocator-size-background-worker=32768"
    "memorysetup-temp-allocator-size-job-worker=262144"
    "memorysetup-temp-allocator-size-preload-manager=33554432"
    "memorysetup-temp-allocator-size-nav-mesh-worker=65536"
    "memorysetup-temp-allocator-size-audio-worker=65536"
    "memorysetup-temp-allocator-size-cloud-worker=32768"
    "memorysetup-temp-allocator-size-gi-baking-worker=262144"
    "memorysetup-temp-allocator-size-gfx=262144"
Refreshing native plugins compatible for Editor in 71.51 ms, found 3 plugins.
Preloading 0 native plugins for Editor in 0.00 ms.
Initialize engine version: 2021.3.9f1 (ad3870b89536)
[Subsystems] Discovering subsystems at path C:/Program Files/Unity/Hub/Editor/2021.3.9f1/Editor/Data/Resources/UnitySubsystems
[Subsystems] Discovering subsystems at path C:/Users/User/My project (3)/Assets
GfxDevice: creating device client; threaded=0; jobified=0
Direct3D:
    Version:  Direct3D 11.0 [level 11.1]
    Renderer: AMD Radeon(TM) Graphics (ID=0x1638)
    Vendor:   ATI
    VRAM:     7871 MB
    Driver:   31.0.12002.92
Initialize mono
Mono path[0] = 'C:/Program Files/Unity/Hub/Editor/2021.3.9f1/Editor/Data/Managed'
Mono path[1] = 'C:/Program Files/Unity/Hub/Editor/2021.3.9f1/Editor/Data/MonoBleedingEdge/lib/mono/unityjit-win32'
Mono config path = 'C:/Program Files/Unity/Hub/Editor/2021.3.9f1/Editor/Data/MonoBleedingEdge/etc'
Using monoOptions --debugger-agent=transport=dt_socket,embedding=1,server=y,suspend=n,address=127.0.0.1:56968
Begin MonoManager ReloadAssembly
Registering precompiled unity dll's ...
Register platform support module: C:/Program Files/Unity/Hub/Editor/2021.3.9f1/Editor/Data/PlaybackEngines/WebGLSupport/UnityEditor.WebGL.Extensions.dll
Register platform support module: C:/Program Files/Unity/Hub/Editor/2021.3.9f1/Editor/Data/PlaybackEngines/WindowsStandaloneSupport/UnityEditor.WindowsStandalone.Extensions.dll
Registered in 0.005587 seconds.
Native extension for WindowsStandalone target not found
Native extension for WebGL target not found
Refreshing native plugins compatible for Editor in 68.39 ms, found 3 plugins.
Preloading 0 native plugins for Editor in 0.00 ms.
Mono: successfully reloaded assembly
- Completed reload, in  0.488 seconds
Domain Reload Profiling:
	ReloadAssembly (489ms)
		BeginReloadAssembly (54ms)
			ExecutionOrderSort (0ms)
			DisableScriptedObjects (0ms)
			BackupInstance (0ms)
			ReleaseScriptingObjects (0ms)
			CreateAndSetChildDomain (1ms)
		EndReloadAssembly (348ms)
			LoadAssemblies (52ms)
			RebuildTransferFunctionScriptingTraits (0ms)
			SetupTypeCache (77ms)
			ReleaseScriptCaches (0ms)
			RebuildScriptCaches (21ms)
			SetupLoadedEditorAssemblies (210ms)
				LogAssemblyErrors (0ms)
				InitializePlatformSupportModulesInManaged (7ms)
				SetLoadedEditorAssemblies (0ms)
				RefreshPlugins (68ms)
				BeforeProcessingInitializeOnLoad (1ms)
				ProcessInitializeOnLoadAttributes (96ms)
				ProcessInitializeOnLoadMethodAttributes (37ms)
				AfterProcessingInitializeOnLoad (0ms)
				EditorAssembliesLoaded (0ms)
			ExecutionOrderSort2 (0ms)
			AwakeInstancesAfterBackupRestoration (0ms)
Platform modules already initialized, skipping
Registering precompiled user dll's ...
Registered in 0.004199 seconds.
Begin MonoManager ReloadAssembly
Symbol file LoadedFromMemory doesn't match image C:\Users\User\My project (3)\Library\PackageCache\com.unity.visualscripting@1.7.8\Editor\VisualScripting.Core\Dependencies\YamlDotNet\Unity.VisualScripting.YamlDotNet.dll
Symbol file LoadedFromMemory doesn't match image C:\Users\User\My project (3)\Library\PackageCache\com.unity.visualscripting@1.7.8\Editor\VisualScripting.Core\Dependencies\DotNetZip\Unity.VisualScripting.IonicZip.dll
Native extension for WindowsStandalone target not found
Native extension for WebGL target not found
Refreshing native plugins compatible for Editor in 0.62 ms, found 3 plugins.
Preloading 0 native plugins for Editor in 0.00 ms.
Mono: successfully reloaded assembly
- Completed reload, in  0.879 seconds
Domain Reload Profiling:
	ReloadAssembly (879ms)
		BeginReloadAssembly (94ms)
			ExecutionOrderSort (0ms)
			DisableScriptedObjects (5ms)
			BackupInstance (0ms)
			ReleaseScriptingObjects (0ms)
			CreateAndSetChildDomain (22ms)
		EndReloadAssembly (693ms)
			LoadAssemblies (62ms)
			RebuildTransferFunctionScriptingTraits (0ms)
			SetupTypeCache (220ms)
			ReleaseScriptCaches (0ms)
			RebuildScriptCaches (38ms)
			SetupLoadedEditorAssemblies (338ms)
				LogAssemblyErrors (0ms)
				InitializePlatformSupportModulesInManaged (6ms)
				SetLoadedEditorAssemblies (0ms)
				RefreshPlugins (1ms)
				BeforeProcessingInitializeOnLoad (79ms)
				ProcessInitializeOnLoadAttributes (212ms)
				ProcessInitializeOnLoadMethodAttributes (33ms)
				AfterProcessingInitializeOnLoad (7ms)
				EditorAssembliesLoaded (0ms)
			ExecutionOrderSort2 (0ms)
			AwakeInstancesAfterBackupRestoration (5ms)
Platform modules already initialized, skipping
========================================================================
Worker process is ready to serve import requests
Launched and connected shader compiler UnityShaderCompiler.exe after 0.04 seconds
Refreshing native plugins compatible for Editor in 0.90 ms, found 3 plugins.
Preloading 0 native plugins for Editor in 0.00 ms.
Unloading 3497 Unused Serialized files (Serialized files now loaded: 0)
Unloading 33 unused Assets / (0.7 MB). Loaded Objects now: 3955.
Memory consumption went from 132.4 MB to 131.6 MB.
Total: 4.039200 ms (FindLiveObjects: 0.297900 ms CreateObjectMapping: 0.244600 ms MarkObjects: 3.234100 ms  DeleteObjects: 0.261500 ms)

AssetImportParameters requested are different than current active one (requested -> active):
  custom:video-decoder-ogg-theora: a1e56fd34408186e4bbccfd4996cb3dc -> 
  custom:container-muxer-webm: aa71ff27fc2769a1b78a27578f13a17b -> 
  custom:container-demuxer-webm: 4f35f7cbe854078d1ac9338744f61a02 -> 
  custom:video-encoder-webm-vp8: eb34c28f22e8b96e1ab97ce403110664 -> 
  custom:audio-encoder-webm-vorbis: bf7c407c2cedff20999df2af8eb42d56 -> 
  custom:framework-win-MediaFoundation: 216162199b28c13a410421893ffa2e32 -> 
  custom:container-demuxer-ogg: 62fdf1f143b41e24485cea50d1cbac27 -> 
  custom:video-decoder-webm-vp8: 9c59270c3fd7afecdb556c50c9e8de78 -> 
  custom:audio-decoder-ogg-vorbis: bf7c407c2cedff20999df2af8eb42d56 -> 
========================================================================
Received Import Request.
  Time since last request: 183061.324477 seconds.
  path: Assets/Flooded_Grounds/Content/Materials/BLD_Cabins.mat
  artifactKey: Guid(2d96e79d3d44b824381f64be7765f5c2) Importer(815301076,1909f56bfc062723c751e8b465ee728b)
Start importing Assets/Flooded_Grounds/Content/Materials/BLD_Cabins.mat using Guid(2d96e79d3d44b824381f64be7765f5c2) Importer(815301076,1909f56bfc062723c751e8b465ee728b)  -> (artifact id: '55e76328e799191fe94950ff9fc2e33c') in 0.396191 seconds 
========================================================================
Received Import Request.
  Time since last request: 0.000028 seconds.
  path: Assets/Flooded_Grounds/Content/Materials/HLP_BlockerCube.mat
  artifactKey: Guid(8f6da883fc822d448a34f8decce1a838) Importer(815301076,1909f56bfc062723c751e8b465ee728b)
Start importing Assets/Flooded_Grounds/Content/Materials/HLP_BlockerCube.mat using Guid(8f6da883fc822d448a34f8decce1a838) Importer(815301076,1909f56bfc062723c751e8b465ee728b)  -> (artifact id: 'c788aec92d4109ab33a21e10496e77f7') in 0.250390 seconds 
========================================================================
Received Import Request.
  Time since last request: 0.000028 seconds.
  path: Assets/Flooded_Grounds/Content/Materials/PROP_Cabinets1.mat
  artifactKey: Guid(aa7b4c18d39db534ea65f1fc678cfd24) Importer(815301076,1909f56bfc062723c751e8b465ee728b)
Start importing Assets/Flooded_Grounds/Content/Materials/PROP_Cabinets1.mat using Guid(aa7b4c18d39db534ea65f1fc678cfd24) Importer(815301076,1909f56bfc062723c751e8b465ee728b)  -> (artifact id: 'c5dc282b6e4a5a8748eb5c7349c7ef48') in 0.026719 seconds 
========================================================================
Received Import Request.
  Time since last request: 0.000020 seconds.
  path: Assets/Flooded_Grounds/Content/Materials/PROP_Gravestones1.mat
  artifactKey: Guid(e6f5834528a499646b75d68c40b11659) Importer(815301076,1909f56bfc062723c751e8b465ee728b)
Start importing Assets/Flooded_Grounds/Content/Materials/PROP_Gravestones1.mat using Guid(e6f5834528a499646b75d68c40b11659) Importer(815301076,1909f56bfc062723c751e8b465ee728b)  -> (artifact id: 'a0c37a671484f257bf17a0a484a9941d') in 0.042862 seconds 
========================================================================
Received Import Request.
  Time since last request: 0.000022 seconds.
  path: Assets/Flooded_Grounds/Content/Materials/PROP_SmallProps1.mat
  artifactKey: Guid(fa3b418599852594c8d15fb4d9ce097e) Importer(815301076,1909f56bfc062723c751e8b465ee728b)
Start importing Assets/Flooded_Grounds/Content/Materials/PROP_SmallProps1.mat using Guid(fa3b418599852594c8d15fb4d9ce097e) Importer(815301076,1909f56bfc062723c751e8b465ee728b)  -> (artifact id: 'ab9525d80a7d06c52a121fce4c04c186') in 0.025171 seconds 
========================================================================
Received Import Request.
  Time since last request: 0.000021 seconds.
  path: Assets/Flooded_Grounds/Content/Materials/NAT_CobbleRocks1.mat
  artifactKey: Guid(eead33dff5f6ab2478ffa03b71e6e931) Importer(815301076,1909f56bfc062723c751e8b465ee728b)
Start importing Assets/Flooded_Grounds/Content/Materials/NAT_CobbleRocks1.mat using Guid(eead33dff5f6ab2478ffa03b71e6e931) Importer(815301076,1909f56bfc062723c751e8b465ee728b)  -> (artifact id: '2f0906fe0f6d76a1541f13cfb0498ea4') in 0.201469 seconds 
========================================================================
Received Import Request.
  Time since last request: 0.000028 seconds.
  path: Assets/Flooded_Grounds/Content/Materials/HLP_Grid.mat
  artifactKey: Guid(e7336c2c46c86f54b9ad60ce08b10dec) Importer(815301076,1909f56bfc062723c751e8b465ee728b)
Start importing Assets/Flooded_Grounds/Content/Materials/HLP_Grid.mat using Guid(e7336c2c46c86f54b9ad60ce08b10dec) Importer(815301076,1909f56bfc062723c751e8b465ee728b)  -> (artifact id: '6dd54bd86f708a67b3ef313b1feb9574') in 0.015307 seconds 
========================================================================
Received Import Request.
  Time since last request: 0.000024 seconds.
  path: Assets/Flooded_Grounds/Content/Materials/BLD_Structures1.mat
  artifactKey: Guid(bece166f1833f674d9c16ea5184455ca) Importer(815301076,1909f56bfc062723c751e8b465ee728b)
Start importing Assets/Flooded_Grounds/Content/Materials/BLD_Structures1.mat using Guid(bece166f1833f674d9c16ea5184455ca) Importer(815301076,1909f56bfc062723c751e8b465ee728b)  -> (artifact id: '86284f640d58c059858efd588f6d6608') in 0.035943 seconds 
========================================================================
Received Import Request.
  Time since last request: 0.000038 seconds.
  path: Assets/Flooded_Grounds/Content/Materials/BLD_IndBuilding1_LOD.mat
  artifactKey: Guid(eb205ee712ebdad44846425da33e862d) Importer(815301076,1909f56bfc062723c751e8b465ee728b)
Start importing Assets/Flooded_Grounds/Content/Materials/BLD_IndBuilding1_LOD.mat using Guid(eb205ee712ebdad44846425da33e862d) Importer(815301076,1909f56bfc062723c751e8b465ee728b)  -> (artifact id: '3c4b0bf1a22124b38f647ff18d241d10') in 0.179085 seconds 
========================================================================
Received Import Request.
  Time since last request: 0.000024 seconds.
  path: Assets/Flooded_Grounds/Content/Materials/PROP_Car1.mat
  artifactKey: Guid(7133f30d0d44edd4fa2e40eb012e75ed) Importer(815301076,1909f56bfc062723c751e8b465ee728b)
Start importing Assets/Flooded_Grounds/Content/Materials/PROP_Car1.mat using Guid(7133f30d0d44edd4fa2e40eb012e75ed) Importer(815301076,1909f56bfc062723c751e8b465ee728b)  -> (artifact id: 'bb2bd2ad320d4e196b66d8f777b120c0') in 0.056453 seconds 
========================================================================
Received Import Request.
  Time since last request: 73.478436 seconds.
  path: Assets/Flooded_Grounds/Content/Sounds/DeepRattle.mp3
  artifactKey: Guid(da24e095fcd8c4a40816d0c04528c263) Importer(815301076,1909f56bfc062723c751e8b465ee728b)
Start importing Assets/Flooded_Grounds/Content/Sounds/DeepRattle.mp3 using Guid(da24e095fcd8c4a40816d0c04528c263) Importer(815301076,1909f56bfc062723c751e8b465ee728b)  -> (artifact id: 'a717c3d29b319dd850778cdeb197422a') in 0.314631 seconds 
========================================================================
Received Import Request.
  Time since last request: 0.000018 seconds.
  path: Assets/Flooded_Grounds/Content/Sounds/Wind.mp3
  artifactKey: Guid(2dc9a029d0f6a4d4f95eca9f86b410f2) Importer(815301076,1909f56bfc062723c751e8b465ee728b)
Start importing Assets/Flooded_Grounds/Content/Sounds/Wind.mp3 using Guid(2dc9a029d0f6a4d4f95eca9f86b410f2) Importer(815301076,1909f56bfc062723c751e8b465ee728b)  -> (artifact id: 'a4bd30ce44fc2914afca5e22663ddf20') in 0.013005 seconds 
========================================================================
Received Import Request.
  Time since last request: 0.000026 seconds.
  path: Assets/Flooded_Grounds/Content/Sounds/LeafRustle.mp3
  artifactKey: Guid(0064191e8aa6fc945aefce68dc3e44ad) Importer(815301076,1909f56bfc062723c751e8b465ee728b)
Start importing Assets/Flooded_Grounds/Content/Sounds/LeafRustle.mp3 using Guid(0064191e8aa6fc945aefce68dc3e44ad) Importer(815301076,1909f56bfc062723c751e8b465ee728b)  -> (artifact id: '9c7037fdbe6ed40a0d122f2cad14c125') in 0.012115 seconds 
========================================================================
Received Import Request.
  Time since last request: 0.000031 seconds.
  path: Assets/Flooded_Grounds/Content/Sounds/Water.mp3
  artifactKey: Guid(18bddfe234e3d47479a19d75d0b0203c) Importer(815301076,1909f56bfc062723c751e8b465ee728b)
Start importing Assets/Flooded_Grounds/Content/Sounds/Water.mp3 using Guid(18bddfe234e3d47479a19d75d0b0203c) Importer(815301076,1909f56bfc062723c751e8b465ee728b)  -> (artifact id: 'e84a37abad52293bc73202fe9322f376') in 0.011240 seconds 
========================================================================
Received Import Request.
  Time since last request: 5.442243 seconds.
  path: Assets/Flooded_Grounds/Scenes/Scene_A_Terrain.asset
  artifactKey: Guid(3067f4c4673ebb049b67c5cadc9ef499) Importer(815301076,1909f56bfc062723c751e8b465ee728b)
Start importing Assets/Flooded_Grounds/Scenes/Scene_A_Terrain.asset using Guid(3067f4c4673ebb049b67c5cadc9ef499) Importer(815301076,1909f56bfc062723c751e8b465ee728b)  -> (artifact id: 'ed13e43b7a71d410684eca95f7f5707d') in 0.257454 seconds 
========================================================================
Received Import Request.
  Time since last request: 13.386153 seconds.
  path: Assets/Flooded_Grounds/Content/Meshes/mBackgrounds/BGR_Factory_B.fbx
  artifactKey: Guid(b6a7d46603b861549858925e3fbde8b9) Importer(815301076,1909f56bfc062723c751e8b465ee728b)
Start importing Assets/Flooded_Grounds/Content/Meshes/mBackgrounds/BGR_Factory_B.fbx using Guid(b6a7d46603b861549858925e3fbde8b9) Importer(815301076,1909f56bfc062723c751e8b465ee728b)  -> (artifact id: '38f7717eb383dfef08f7485d6f8235ee') in 0.102644 seconds 
========================================================================
Received Import Request.
  Time since last request: 5.390104 seconds.
  path: Assets/Flooded_Grounds/Content/Meshes/mBuildings/mBarns/Barn1_End_A.fbx
  artifactKey: Guid(a2cf4a75cf27e1840a8b0e443f74cf16) Importer(815301076,1909f56bfc062723c751e8b465ee728b)
Start importing Assets/Flooded_Grounds/Content/Meshes/mBuildings/mBarns/Barn1_End_A.fbx using Guid(a2cf4a75cf27e1840a8b0e443f74cf16) Importer(815301076,1909f56bfc062723c751e8b465ee728b)  -> (artifact id: '5113b4779b350a0d2864931c5fcb048e') in 0.015337 seconds 
========================================================================
Received Import Request.
  Time since last request: 0.000016 seconds.
  path: Assets/Flooded_Grounds/Content/Meshes/mBuildings/mBarns/Barn1_End_B.fbx
  artifactKey: Guid(7ed81267adc15c14d85de7c4f982cc75) Importer(815301076,1909f56bfc062723c751e8b465ee728b)
Start importing Assets/Flooded_Grounds/Content/Meshes/mBuildings/mBarns/Barn1_End_B.fbx using Guid(7ed81267adc15c14d85de7c4f982cc75) Importer(815301076,1909f56bfc062723c751e8b465ee728b)  -> (artifact id: '026a35579804d0db5a34d7d4033f9d09') in 0.021412 seconds 
========================================================================
Received Import Request.
  Time since last request: 0.000021 seconds.
  path: Assets/Flooded_Grounds/Content/Meshes/mBuildings/mBarns/Barn2_End_B.fbx
  artifactKey: Guid(fe97fc86797780f4fb8b5a21d2e0ecac) Importer(815301076,1909f56bfc062723c751e8b465ee728b)
Start importing Assets/Flooded_Grounds/Content/Meshes/mBuildings/mBarns/Barn2_End_B.fbx using Guid(fe97fc86797780f4fb8b5a21d2e0ecac) Importer(815301076,1909f56bfc062723c751e8b465ee728b)  -> (artifact id: 'c53b0e55eead5f003e43506fbdc2f39c') in 0.058160 seconds 
========================================================================
Received Import Request.
  Time since last request: 0.000014 seconds.
  path: Assets/Flooded_Grounds/Content/Meshes/mBuildings/mBarns/Barn2_Mid_A_COL.fbx
  artifactKey: Guid(058f562e193661448b5f60c4b1c8046e) Importer(815301076,1909f56bfc062723c751e8b465ee728b)
Start importing Assets/Flooded_Grounds/Content/Meshes/mBuildings/mBarns/Barn2_Mid_A_COL.fbx using Guid(058f562e193661448b5f60c4b1c8046e) Importer(815301076,1909f56bfc062723c751e8b465ee728b)  -> (artifact id: 'd6a9eedfa675766c79f8d627403e33d6') in 0.058915 seconds 
========================================================================
Received Import Request.
  Time since last request: 27.766967 seconds.
  path: Assets/Flooded_Grounds/Content/Meshes/mBuildings/mBrickHouse/BrickHouse_Deco_Handrail_A.fbx
  artifactKey: Guid(5f70707467384d54eaa152ebf07cefaa) Importer(815301076,1909f56bfc062723c751e8b465ee728b)
Start importing Assets/Flooded_Grounds/Content/Meshes/mBuildings/mBrickHouse/BrickHouse_Deco_Handrail_A.fbx using Guid(5f70707467384d54eaa152ebf07cefaa) Importer(815301076,1909f56bfc062723c751e8b465ee728b)  -> (artifact id: 'f0bbafc4acfa0310f34c0120ad50b439') in 0.015723 seconds 
========================================================================
Received Import Request.
  Time since last request: 0.000026 seconds.
  path: Assets/Flooded_Grounds/Content/Meshes/mBuildings/mBrickHouse/BrickHouse_Ext_B.fbx
  artifactKey: Guid(bdc6f430b2481e34698d5d5e27eab2c7) Importer(815301076,1909f56bfc062723c751e8b465ee728b)
Start importing Assets/Flooded_Grounds/Content/Meshes/mBuildings/mBrickHouse/BrickHouse_Ext_B.fbx using Guid(bdc6f430b2481e34698d5d5e27eab2c7) Importer(815301076,1909f56bfc062723c751e8b465ee728b)  -> (artifact id: '8af83c45ddcc4311e12a5ce54beb3cfc') in 0.016394 seconds 
========================================================================
Received Import Request.
  Time since last request: 0.000018 seconds.
  path: Assets/Flooded_Grounds/Content/Meshes/mBuildings/mBrickHouse/BrickHouse_IntWall_C.fbx
  artifactKey: Guid(8dea3d00786ffc0459f4908c132f8854) Importer(815301076,1909f56bfc062723c751e8b465ee728b)
Start importing Assets/Flooded_Grounds/Content/Meshes/mBuildings/mBrickHouse/BrickHouse_IntWall_C.fbx using Guid(8dea3d00786ffc0459f4908c132f8854) Importer(815301076,1909f56bfc062723c751e8b465ee728b)  -> (artifact id: '712e06ebd77a28a612e7623f48fbccce') in 0.017831 seconds 
========================================================================
Received Import Request.
  Time since last request: 0.000015 seconds.
  path: Assets/Flooded_Grounds/Content/Meshes/mBuildings/mBrickHouse/BrickHouse_Deco_IntColumn_A.fbx
  artifactKey: Guid(8b7800cf555d19448824e9fc71e7171a) Importer(815301076,1909f56bfc062723c751e8b465ee728b)
Start importing Assets/Flooded_Grounds/Content/Meshes/mBuildings/mBrickHouse/BrickHouse_Deco_IntColumn_A.fbx using Guid(8b7800cf555d19448824e9fc71e7171a) Importer(815301076,1909f56bfc062723c751e8b465ee728b)  -> (artifact id: '820288d35ed085ae23812d2422ed2624') in 0.016975 seconds 
========================================================================
Received Import Request.
  Time since last request: 0.000019 seconds.
  path: Assets/Flooded_Grounds/Content/Meshes/mBuildings/mBrickHouse/BrickHouse_Floor_Mid_A_DM_A.fbx
  artifactKey: Guid(621a5d6ef705a1d4d81313f8cffeed53) Importer(815301076,1909f56bfc062723c751e8b465ee728b)
Start importing Assets/Flooded_Grounds/Content/Meshes/mBuildings/mBrickHouse/BrickHouse_Floor_Mid_A_DM_A.fbx using Guid(621a5d6ef705a1d4d81313f8cffeed53) Importer(815301076,1909f56bfc062723c751e8b465ee728b)  -> (artifact id: 'b2c7baa4366b3c5874003bf6d52e1d64') in 0.016284 seconds 
========================================================================
Received Import Request.
  Time since last request: 0.000019 seconds.
  path: Assets/Flooded_Grounds/Content/Meshes/mBuildings/mBrickHouse/BrickHouse_End_B.fbx
  artifactKey: Guid(ecb3f7ff52f7ee249b243771c5d9d9d0) Importer(815301076,1909f56bfc062723c751e8b465ee728b)
Start importing Assets/Flooded_Grounds/Content/Meshes/mBuildings/mBrickHouse/BrickHouse_End_B.fbx using Guid(ecb3f7ff52f7ee249b243771c5d9d9d0) Importer(815301076,1909f56bfc062723c751e8b465ee728b)  -> (artifact id: 'eee281715cdd9f203502dbfbd4d770d4') in 0.018637 seconds 
========================================================================
Received Import Request.
  Time since last request: 0.000018 seconds.
  path: Assets/Flooded_Grounds/Content/Meshes/mBuildings/mBrickHouse/BrickHouse_Floor_Mid_A_DM_B_COL.fbx
  artifactKey: Guid(a3d0eba37d1b8e6498f35c5514f8ea55) Importer(815301076,1909f56bfc062723c751e8b465ee728b)
Start importing Assets/Flooded_Grounds/Content/Meshes/mBuildings/mBrickHouse/BrickHouse_Floor_Mid_A_DM_B_COL.fbx using Guid(a3d0eba37d1b8e6498f35c5514f8ea55) Importer(815301076,1909f56bfc062723c751e8b465ee728b)  -> (artifact id: 'a363243de9c7001840a58a47eab924ae') in 0.018378 seconds 
========================================================================
Received Import Request.
  Time since last request: 0.000032 seconds.
  path: Assets/Flooded_Grounds/Content/Meshes/mBuildings/mBrickHouse/BrickHouse_IntWall_A.fbx
  artifactKey: Guid(40581848ce71d194db3034b2ba2ecf5b) Importer(815301076,1909f56bfc062723c751e8b465ee728b)
Start importing Assets/Flooded_Grounds/Content/Meshes/mBuildings/mBrickHouse/BrickHouse_IntWall_A.fbx using Guid(40581848ce71d194db3034b2ba2ecf5b) Importer(815301076,1909f56bfc062723c751e8b465ee728b)  -> (artifact id: '302f127917cd7c32e0d990dd0e12503a') in 0.034318 seconds 
========================================================================
Received Import Request.
  Time since last request: 0.000016 seconds.
  path: Assets/Flooded_Grounds/Content/Meshes/mBuildings/mBrickHouse/BrickHouse_IntWall_B.fbx
  artifactKey: Guid(b4f5041707622124d8f5eebadc814c38) Importer(815301076,1909f56bfc062723c751e8b465ee728b)
Start importing Assets/Flooded_Grounds/Content/Meshes/mBuildings/mBrickHouse/BrickHouse_IntWall_B.fbx using Guid(b4f5041707622124d8f5eebadc814c38) Importer(815301076,1909f56bfc062723c751e8b465ee728b)  -> (artifact id: '7d1b6f087637f70710fbecc9fa14141c') in 0.014967 seconds 
========================================================================
Received Import Request.
  Time since last request: 0.770392 seconds.
  path: Assets/Flooded_Grounds/Content/Meshes/mBuildings/mBridge/BLD_Bridge_B.fbx
  artifactKey: Guid(cdd1bb2c51c2fa64eb39e9cf74436364) Importer(815301076,1909f56bfc062723c751e8b465ee728b)
Start importing Assets/Flooded_Grounds/Content/Meshes/mBuildings/mBridge/BLD_Bridge_B.fbx using Guid(cdd1bb2c51c2fa64eb39e9cf74436364) Importer(815301076,1909f56bfc062723c751e8b465ee728b)  -> (artifact id: 'b550200f2d1bbce95374bb1decc5c730') in 0.034939 seconds 
========================================================================
Received Import Request.
  Time since last request: 0.528234 seconds.
  path: Assets/Flooded_Grounds/Content/Meshes/mBuildings/mCabins/Cabin1_Deco_WindowGlass_A.fbx
  artifactKey: Guid(eb73c6f1d30479e42987fac89f58a3b8) Importer(815301076,1909f56bfc062723c751e8b465ee728b)
Start importing Assets/Flooded_Grounds/Content/Meshes/mBuildings/mCabins/Cabin1_Deco_WindowGlass_A.fbx using Guid(eb73c6f1d30479e42987fac89f58a3b8) Importer(815301076,1909f56bfc062723c751e8b465ee728b)  -> (artifact id: 'faf1bcc1064f7e58fb266333c0990c3c') in 0.043448 seconds 
========================================================================
Received Import Request.
  Time since last request: 0.000021 seconds.
  path: Assets/Flooded_Grounds/Content/Meshes/mBuildings/mCabins/Cabin2_Deco_WindowGlass_A.fbx
  artifactKey: Guid(04cc115979bc5db44b1aa47707cadf2f) Importer(815301076,1909f56bfc062723c751e8b465ee728b)
Start importing Assets/Flooded_Grounds/Content/Meshes/mBuildings/mCabins/Cabin2_Deco_WindowGlass_A.fbx using Guid(04cc115979bc5db44b1aa47707cadf2f) Importer(815301076,1909f56bfc062723c751e8b465ee728b)  -> (artifact id: '673751c3f95f149927fc085c9cb96481') in 0.060732 seconds 
========================================================================
Received Import Request.
  Time since last request: 0.000024 seconds.
  path: Assets/Flooded_Grounds/Content/Meshes/mBuildings/mCabins/Outhouse_A.fbx
  artifactKey: Guid(ed470f0cea065f241b70c797ddfb0b06) Importer(815301076,1909f56bfc062723c751e8b465ee728b)
Start importing Assets/Flooded_Grounds/Content/Meshes/mBuildings/mCabins/Outhouse_A.fbx using Guid(ed470f0cea065f241b70c797ddfb0b06) Importer(815301076,1909f56bfc062723c751e8b465ee728b)  -> (artifact id: 'ab29484cba1d56bb6c47c5972fc5920e') in 0.018909 seconds 
========================================================================
Received Import Request.
  Time since last request: 0.000019 seconds.
  path: Assets/Flooded_Grounds/Content/Meshes/mBuildings/mCabins/Cabin2_Stairs.fbx
  artifactKey: Guid(695df44871b9bd5439e88400e7eab30b) Importer(815301076,1909f56bfc062723c751e8b465ee728b)
Start importing Assets/Flooded_Grounds/Content/Meshes/mBuildings/mCabins/Cabin2_Stairs.fbx using Guid(695df44871b9bd5439e88400e7eab30b) Importer(815301076,1909f56bfc062723c751e8b465ee728b)  -> (artifact id: '4b8ee478c96dca5db06b85f5e276e24f') in 0.017657 seconds 
========================================================================
Received Import Request.
  Time since last request: 0.000016 seconds.
  path: Assets/Flooded_Grounds/Content/Meshes/mBuildings/mCabins/Cabin2_Ext1.fbx
  artifactKey: Guid(562ec34fab32b5343886256ef273f218) Importer(815301076,1909f56bfc062723c751e8b465ee728b)
Start importing Assets/Flooded_Grounds/Content/Meshes/mBuildings/mCabins/Cabin2_Ext1.fbx using Guid(562ec34fab32b5343886256ef273f218) Importer(815301076,1909f56bfc062723c751e8b465ee728b)  -> (artifact id: 'f1a39cc508164e36da5f06df59763093') in 0.015359 seconds 
========================================================================
Received Import Request.
  Time since last request: 1.410509 seconds.
  path: Assets/Flooded_Grounds/Content/Meshes/mBuildings/mChurches/Church1_Deco_Column_A.fbx
  artifactKey: Guid(7d40ea3f48eabf641bbd5a6051bbf671) Importer(815301076,1909f56bfc062723c751e8b465ee728b)
Start importing Assets/Flooded_Grounds/Content/Meshes/mBuildings/mChurches/Church1_Deco_Column_A.fbx using Guid(7d40ea3f48eabf641bbd5a6051bbf671) Importer(815301076,1909f56bfc062723c751e8b465ee728b)  -> (artifact id: '34d4c9ccf438e7389b94d1ad3017baae') in 0.054423 seconds 
========================================================================
Received Import Request.
  Time since last request: 0.000024 seconds.
  path: Assets/Flooded_Grounds/Content/Meshes/mBuildings/mChurches/Church1_End_A.fbx
  artifactKey: Guid(1dd05a661a6c9fe4eb0e76a5691bf308) Importer(815301076,1909f56bfc062723c751e8b465ee728b)
Start importing Assets/Flooded_Grounds/Content/Meshes/mBuildings/mChurches/Church1_End_A.fbx using Guid(1dd05a661a6c9fe4eb0e76a5691bf308) Importer(815301076,1909f56bfc062723c751e8b465ee728b)  -> (artifact id: '16d8068aff31feae4b2b4891ebad5b90') in 0.016074 seconds 
========================================================================
Received Import Request.
  Time since last request: 29.565090 seconds.
  path: Assets/Flooded_Grounds/Content/Meshes/mNature/mBushes/DecoBush_B.fbx
  artifactKey: Guid(0e0d7fac187ce644e85f79d8513288d7) Importer(815301076,1909f56bfc062723c751e8b465ee728b)
Start importing Assets/Flooded_Grounds/Content/Meshes/mNature/mBushes/DecoBush_B.fbx using Guid(0e0d7fac187ce644e85f79d8513288d7) Importer(815301076,1909f56bfc062723c751e8b465ee728b)  -> (artifact id: 'b3475e1454e6791fbbe9b6e576341e31') in 0.014233 seconds 
========================================================================
Received Import Request.
  Time since last request: 0.000018 seconds.
  path: Assets/Flooded_Grounds/Content/Meshes/mNature/mBushes/DecoBush_D.fbx
  artifactKey: Guid(6a8ad6fc9049800429f4239ea517123a) Importer(815301076,1909f56bfc062723c751e8b465ee728b)
Start importing Assets/Flooded_Grounds/Content/Meshes/mNature/mBushes/DecoBush_D.fbx using Guid(6a8ad6fc9049800429f4239ea517123a) Importer(815301076,1909f56bfc062723c751e8b465ee728b)  -> (artifact id: '2f161938d56f172fdf735d7c97b7838c') in 0.016543 seconds 
========================================================================
Received Import Request.
  Time since last request: 0.494917 seconds.
  path: Assets/Flooded_Grounds/Content/Meshes/mNature/mGrass/Grass_Med_B.fbx
  artifactKey: Guid(f23a21e2be3dd86449dff81261bf83a5) Importer(815301076,1909f56bfc062723c751e8b465ee728b)
Start importing Assets/Flooded_Grounds/Content/Meshes/mNature/mGrass/Grass_Med_B.fbx using Guid(f23a21e2be3dd86449dff81261bf83a5) Importer(815301076,1909f56bfc062723c751e8b465ee728b)  -> (artifact id: '461e58277697e85e0237c68f8703ed21') in 0.014968 seconds 
========================================================================
Received Import Request.
  Time since last request: 0.000032 seconds.
  path: Assets/Flooded_Grounds/Content/Meshes/mNature/mGrass/Grass_Small_A.fbx
  artifactKey: Guid(07482563e336d994abdc831e53431ccb) Importer(815301076,1909f56bfc062723c751e8b465ee728b)
Start importing Assets/Flooded_Grounds/Content/Meshes/mNature/mGrass/Grass_Small_A.fbx using Guid(07482563e336d994abdc831e53431ccb) Importer(815301076,1909f56bfc062723c751e8b465ee728b)  -> (artifact id: '7588c27b25474998a15b1e2bdf85961f') in 0.017868 seconds 
========================================================================
Received Import Request.
  Time since last request: 0.000018 seconds.
  path: Assets/Flooded_Grounds/Content/Meshes/mNature/mGrass/Grass_Tall_A.fbx
  artifactKey: Guid(915f7876f4eb358428d2380c41211be1) Importer(815301076,1909f56bfc062723c751e8b465ee728b)
Start importing Assets/Flooded_Grounds/Content/Meshes/mNature/mGrass/Grass_Tall_A.fbx using Guid(915f7876f4eb358428d2380c41211be1) Importer(815301076,1909f56bfc062723c751e8b465ee728b)  -> (artifact id: 'b8aca7eb131f56d30fb4a90b93848e5a') in 0.016580 seconds 
========================================================================
Received Import Request.
  Time since last request: 0.542836 seconds.
  path: Assets/Flooded_Grounds/Content/Meshes/mNature/mRocks/lo_CobbleRock_B.fbx
  artifactKey: Guid(89bf544328b22bc4da0d56896518402a) Importer(815301076,1909f56bfc062723c751e8b465ee728b)
Start importing Assets/Flooded_Grounds/Content/Meshes/mNature/mRocks/lo_CobbleRock_B.fbx using Guid(89bf544328b22bc4da0d56896518402a) Importer(815301076,1909f56bfc062723c751e8b465ee728b)  -> (artifact id: 'e893f92cb13dbb5f4462382150c29cfd') in 0.033872 seconds 
========================================================================
Received Import Request.
  Time since last request: 0.000014 seconds.
  path: Assets/Flooded_Grounds/Content/Meshes/mNature/mRocks/lo_Rock_A.fbx
  artifactKey: Guid(9345f632db63d60489ffbd611651385e) Importer(815301076,1909f56bfc062723c751e8b465ee728b)
Start importing Assets/Flooded_Grounds/Content/Meshes/mNature/mRocks/lo_Rock_A.fbx using Guid(9345f632db63d60489ffbd611651385e) Importer(815301076,1909f56bfc062723c751e8b465ee728b)  -> (artifact id: '3c9b66c6f95ce987bc679c29d185c576') in 0.037148 seconds 
========================================================================
Received Import Request.
  Time since last request: 0.000017 seconds.
  path: Assets/Flooded_Grounds/Content/Meshes/mNature/mRocks/lo_CobbleRock_D.fbx
  artifactKey: Guid(8be2de3a24cb4d64ba4fb1bbdd89c6e8) Importer(815301076,1909f56bfc062723c751e8b465ee728b)
Start importing Assets/Flooded_Grounds/Content/Meshes/mNature/mRocks/lo_CobbleRock_D.fbx using Guid(8be2de3a24cb4d64ba4fb1bbdd89c6e8) Importer(815301076,1909f56bfc062723c751e8b465ee728b)  -> (artifact id: '6b5a1f12f9d94672f8ab7cac6994d9bf') in 0.039366 seconds 
========================================================================
Received Import Request.
  Time since last request: 4.627236 seconds.
  path: Assets/Flooded_Grounds/Content/Textures/ATM_ExhaustParticle1_AS.tif
  artifactKey: Guid(ce844cdb57c71eb4d9ef480d8691ec1a) Importer(815301076,1909f56bfc062723c751e8b465ee728b)
Start importing Assets/Flooded_Grounds/Content/Textures/ATM_ExhaustParticle1_AS.tif using Guid(ce844cdb57c71eb4d9ef480d8691ec1a) Importer(815301076,1909f56bfc062723c751e8b465ee728b)  -> (artifact id: '3d4247fc34a9a61d4ad86c41b61f02e5') in 0.040410 seconds 
========================================================================
Received Import Request.
  Time since last request: 0.000015 seconds.
  path: Assets/Flooded_Grounds/Content/Textures/GR_Breakup1_A.tif
  artifactKey: Guid(2c912b5ea76df334684f8f50f436bf17) Importer(815301076,1909f56bfc062723c751e8b465ee728b)
Start importing Assets/Flooded_Grounds/Content/Textures/GR_Breakup1_A.tif using Guid(2c912b5ea76df334684f8f50f436bf17) Importer(815301076,1909f56bfc062723c751e8b465ee728b)  -> (artifact id: '82212a4f1a45dfff73c5eabb7e68a09a') in 0.049322 seconds 
========================================================================
Received Import Request.
  Time since last request: 0.000034 seconds.
  path: Assets/Flooded_Grounds/Content/Textures/BLD_Villa2_MS.tif
  artifactKey: Guid(5673fd1bd7b7edc42b6d0ab328eb8d4e) Importer(815301076,1909f56bfc062723c751e8b465ee728b)
Start importing Assets/Flooded_Grounds/Content/Textures/BLD_Villa2_MS.tif using Guid(5673fd1bd7b7edc42b6d0ab328eb8d4e) Importer(815301076,1909f56bfc062723c751e8b465ee728b)  -> (artifact id: '19d389dc6b92592a045c7282b5b9ef96') in 0.055131 seconds 
========================================================================
Received Import Request.
  Time since last request: 0.000027 seconds.
  path: Assets/Flooded_Grounds/Content/Textures/DET_Rust1_AS.tif
  artifactKey: Guid(1691a7bf317a173418aeb5e3a1f8f1f0) Importer(815301076,1909f56bfc062723c751e8b465ee728b)
Start importing Assets/Flooded_Grounds/Content/Textures/DET_Rust1_AS.tif using Guid(1691a7bf317a173418aeb5e3a1f8f1f0) Importer(815301076,1909f56bfc062723c751e8b465ee728b)  -> (artifact id: 'cb382974fc620bcf327c9e5473bab01b') in 0.011559 seconds 
========================================================================
Received Import Request.
  Time since last request: 0.000029 seconds.
  path: Assets/Flooded_Grounds/Content/Textures/BLD_WindowGlass1_A.tif
  artifactKey: Guid(ec04c678fb72c1b4fb5f0cc7ae4cc117) Importer(815301076,1909f56bfc062723c751e8b465ee728b)
Start importing Assets/Flooded_Grounds/Content/Textures/BLD_WindowGlass1_A.tif using Guid(ec04c678fb72c1b4fb5f0cc7ae4cc117) Importer(815301076,1909f56bfc062723c751e8b465ee728b)  -> (artifact id: 'ae0cbc25d865d8a7ab186a3bad00aad3') in 0.042921 seconds 
========================================================================
Received Import Request.
  Time since last request: 0.000023 seconds.
  path: Assets/Flooded_Grounds/Content/Textures/BLD_Cabins1_N.tif
  artifactKey: Guid(6aca893bbdb380e40be322de5b27e134) Importer(815301076,1909f56bfc062723c751e8b465ee728b)
Start importing Assets/Flooded_Grounds/Content/Textures/BLD_Cabins1_N.tif using Guid(6aca893bbdb380e40be322de5b27e134) Importer(815301076,1909f56bfc062723c751e8b465ee728b)  -> (artifact id: '9c8c21560cf5287b9dd4e33d6afbf4d9') in 0.039127 seconds 
========================================================================
Received Import Request.
  Time since last request: 0.000024 seconds.
  path: Assets/Flooded_Grounds/Content/Textures/BGR_RefCube1.tif
  artifactKey: Guid(3b5eaa969aa89fb45b025e2ff7d7695a) Importer(815301076,1909f56bfc062723c751e8b465ee728b)
Start importing Assets/Flooded_Grounds/Content/Textures/BGR_RefCube1.tif using Guid(3b5eaa969aa89fb45b025e2ff7d7695a) Importer(815301076,1909f56bfc062723c751e8b465ee728b)  -> (artifact id: 'aec28c717d5ce7c4d1342adfcd51fff4') in 0.032728 seconds 
========================================================================
Received Import Request.
  Time since last request: 0.000028 seconds.
  path: Assets/Flooded_Grounds/Content/Textures/BLD_Church1_N.tif
  artifactKey: Guid(3593e017fe71de94e9ad18791038fd6d) Importer(815301076,1909f56bfc062723c751e8b465ee728b)
Start importing Assets/Flooded_Grounds/Content/Textures/BLD_Church1_N.tif using Guid(3593e017fe71de94e9ad18791038fd6d) Importer(815301076,1909f56bfc062723c751e8b465ee728b)  -> (artifact id: '9678a117f09d802a8bfbe317377088ac') in 0.035465 seconds 
========================================================================
Received Import Request.
  Time since last request: 0.000035 seconds.
  path: Assets/Flooded_Grounds/Content/Textures/BLD_WindowGlass1_MS.tif
  artifactKey: Guid(cda6643c125264d49beaa658d2048eac) Importer(815301076,1909f56bfc062723c751e8b465ee728b)
Start importing Assets/Flooded_Grounds/Content/Textures/BLD_WindowGlass1_MS.tif using Guid(cda6643c125264d49beaa658d2048eac) Importer(815301076,1909f56bfc062723c751e8b465ee728b)  -> (artifact id: '47e495baa1b572c6e3ebcdc7a63d9a57') in 0.010554 seconds 
========================================================================
Received Import Request.
  Time since last request: 0.000025 seconds.
  path: Assets/Flooded_Grounds/Content/Textures/BLD_Cabins1_A.tif
  artifactKey: Guid(862297ff71c7f3e479996c3c8f21b942) Importer(815301076,1909f56bfc062723c751e8b465ee728b)
Start importing Assets/Flooded_Grounds/Content/Textures/BLD_Cabins1_A.tif using Guid(862297ff71c7f3e479996c3c8f21b942) Importer(815301076,1909f56bfc062723c751e8b465ee728b)  -> (artifact id: 'd79f894d37684438ed641ce8f05dc367') in 0.022794 seconds 
========================================================================
Received Import Request.
  Time since last request: 0.000037 seconds.
  path: Assets/Flooded_Grounds/Content/Textures/BLD_Doors1_MS.tif
  artifactKey: Guid(d5cc8eaa1e44ec14d86470c81aa2e1a9) Importer(815301076,1909f56bfc062723c751e8b465ee728b)
Start importing Assets/Flooded_Grounds/Content/Textures/BLD_Doors1_MS.tif using Guid(d5cc8eaa1e44ec14d86470c81aa2e1a9) Importer(815301076,1909f56bfc062723c751e8b465ee728b)  -> (artifact id: '601ee87dbe2fe8934157166f0e68dd73') in 0.015183 seconds 
========================================================================
Received Import Request.
  Time since last request: 0.000025 seconds.
  path: Assets/Flooded_Grounds/Content/Textures/BLD_Villa1_MS.tif
  artifactKey: Guid(6f292103627590a4287eb92828dfe7f9) Importer(815301076,1909f56bfc062723c751e8b465ee728b)
Start importing Assets/Flooded_Grounds/Content/Textures/BLD_Villa1_MS.tif using Guid(6f292103627590a4287eb92828dfe7f9) Importer(815301076,1909f56bfc062723c751e8b465ee728b)  -> (artifact id: '3ba7764163b6b0bfa8ec94fa43a27bcc') in 0.054706 seconds 
========================================================================
Received Import Request.
  Time since last request: 0.000030 seconds.
  path: Assets/Flooded_Grounds/Content/Textures/NAT_Rocks1_N.tif
  artifactKey: Guid(2117563aa4734404896b4c68eb7a4371) Importer(815301076,1909f56bfc062723c751e8b465ee728b)
Start importing Assets/Flooded_Grounds/Content/Textures/NAT_Rocks1_N.tif using Guid(2117563aa4734404896b4c68eb7a4371) Importer(815301076,1909f56bfc062723c751e8b465ee728b)  -> (artifact id: 'fadc213aa866f5aba42691399a2178d7') in 0.016194 seconds 
========================================================================
Received Import Request.
  Time since last request: 0.000018 seconds.
  path: Assets/Flooded_Grounds/Content/Textures/BLD_IndBuilding1_A.tif
  artifactKey: Guid(a6d89f2e60e5a1a42997166681410908) Importer(815301076,1909f56bfc062723c751e8b465ee728b)
Start importing Assets/Flooded_Grounds/Content/Textures/BLD_IndBuilding1_A.tif using Guid(a6d89f2e60e5a1a42997166681410908) Importer(815301076,1909f56bfc062723c751e8b465ee728b)  -> (artifact id: '247aa7b92721a68b8ed0900e0b7c0a00') in 0.031792 seconds 
========================================================================
Received Import Request.
  Time since last request: 0.000033 seconds.
  path: Assets/Flooded_Grounds/Content/Textures/GR_Asphalt1_AS.tif
  artifactKey: Guid(1a925eec37989544899b54f458ec2f08) Importer(815301076,1909f56bfc062723c751e8b465ee728b)
Start importing Assets/Flooded_Grounds/Content/Textures/GR_Asphalt1_AS.tif using Guid(1a925eec37989544899b54f458ec2f08) Importer(815301076,1909f56bfc062723c751e8b465ee728b)  -> (artifact id: '2d0d7ab6fc4ed04eaec2cb44fd2a4fe7') in 0.056078 seconds 
========================================================================
Received Import Request.
  Time since last request: 0.000031 seconds.
  path: Assets/Flooded_Grounds/Content/Textures/NAT_Rocks1_A.tif
  artifactKey: Guid(d7e7d2f467c11f145b19071766826717) Importer(815301076,1909f56bfc062723c751e8b465ee728b)
Start importing Assets/Flooded_Grounds/Content/Textures/NAT_Rocks1_A.tif using Guid(d7e7d2f467c11f145b19071766826717) Importer(815301076,1909f56bfc062723c751e8b465ee728b)  -> (artifact id: 'd0b9520cb7af7d23241633df745fa6b6') in 0.050149 seconds 
========================================================================
Received Import Request.
  Time since last request: 0.000024 seconds.
  path: Assets/Flooded_Grounds/Content/Textures/GR_Asphalt1_N.tif
  artifactKey: Guid(c11fbfccde3717848823659d1dc067bf) Importer(815301076,1909f56bfc062723c751e8b465ee728b)
Start importing Assets/Flooded_Grounds/Content/Textures/GR_Asphalt1_N.tif using Guid(c11fbfccde3717848823659d1dc067bf) Importer(815301076,1909f56bfc062723c751e8b465ee728b)  -> (artifact id: 'c3de21157825d9eebdfcc235ce2dd3ed') in 0.017819 seconds 
========================================================================
Received Import Request.
  Time since last request: 0.000021 seconds.
  path: Assets/Flooded_Grounds/Content/Textures/NAT_Grass1_AS.tif
  artifactKey: Guid(91d2eb104975da745b684b83e3cb8553) Importer(815301076,1909f56bfc062723c751e8b465ee728b)
Start importing Assets/Flooded_Grounds/Content/Textures/NAT_Grass1_AS.tif using Guid(91d2eb104975da745b684b83e3cb8553) Importer(815301076,1909f56bfc062723c751e8b465ee728b)  -> (artifact id: 'b268ea7020c04f37af50cfadecc53bb3') in 0.017946 seconds 
========================================================================
Received Import Request.
  Time since last request: 0.000043 seconds.
  path: Assets/Flooded_Grounds/Content/Textures/BLD_Rubble1_A.tif
  artifactKey: Guid(6626f7396393484488cdc76763fb7382) Importer(815301076,1909f56bfc062723c751e8b465ee728b)
Start importing Assets/Flooded_Grounds/Content/Textures/BLD_Rubble1_A.tif using Guid(6626f7396393484488cdc76763fb7382) Importer(815301076,1909f56bfc062723c751e8b465ee728b)  -> (artifact id: '144fcc0529632a7c7ac7b4fbcaff99e5') in 0.016921 seconds 
========================================================================
Received Import Request.
  Time since last request: 0.000021 seconds.
  path: Assets/Flooded_Grounds/Content/Textures/BLD_Bridge1_MS.tif
  artifactKey: Guid(936f4cd27ea43ec44b6539ca8a1dadad) Importer(815301076,1909f56bfc062723c751e8b465ee728b)
Start importing Assets/Flooded_Grounds/Content/Textures/BLD_Bridge1_MS.tif using Guid(936f4cd27ea43ec44b6539ca8a1dadad) Importer(815301076,1909f56bfc062723c751e8b465ee728b)  -> (artifact id: '163b78dd32d89e3a141bf5136e89f4ef') in 0.016432 seconds 
========================================================================
Received Import Request.
  Time since last request: 0.000023 seconds.
  path: Assets/Flooded_Grounds/Content/Textures/BLD_Bridge1_AO.tif
  artifactKey: Guid(371d5bd6e6ed4f4478110dfe1c66db56) Importer(815301076,1909f56bfc062723c751e8b465ee728b)
Start importing Assets/Flooded_Grounds/Content/Textures/BLD_Bridge1_AO.tif using Guid(371d5bd6e6ed4f4478110dfe1c66db56) Importer(815301076,1909f56bfc062723c751e8b465ee728b)  -> (artifact id: '72c738bf4970d77d2c92bdea85509571') in 0.014385 seconds 
========================================================================
Received Import Request.
  Time since last request: 0.000024 seconds.
  path: Assets/Flooded_Grounds/Content/Textures/BLD_Church1_AO.tif
  artifactKey: Guid(ae56e4ed2076beb43901de13ca96afd1) Importer(815301076,1909f56bfc062723c751e8b465ee728b)
Start importing Assets/Flooded_Grounds/Content/Textures/BLD_Church1_AO.tif using Guid(ae56e4ed2076beb43901de13ca96afd1) Importer(815301076,1909f56bfc062723c751e8b465ee728b)  -> (artifact id: 'a629c1832f0a0288f7d92763a556c3a0') in 0.058909 seconds 
========================================================================
Received Import Request.
  Time since last request: 0.000017 seconds.
  path: Assets/Flooded_Grounds/Content/Textures/BLD_BrickHouse1_MS.tif
  artifactKey: Guid(955950c9b775425459c371bd2f8d93b4) Importer(815301076,1909f56bfc062723c751e8b465ee728b)
Start importing Assets/Flooded_Grounds/Content/Textures/BLD_BrickHouse1_MS.tif using Guid(955950c9b775425459c371bd2f8d93b4) Importer(815301076,1909f56bfc062723c751e8b465ee728b)  -> (artifact id: '0ca09d762161951a1fbee8e96d46a833') in 0.019090 seconds 
========================================================================
Received Import Request.
  Time since last request: 0.000020 seconds.
  path: Assets/Flooded_Grounds/Content/Textures/BLD_Villa2_AO.tif
  artifactKey: Guid(762e650bc96d191499fbb68fea6434ee) Importer(815301076,1909f56bfc062723c751e8b465ee728b)
Start importing Assets/Flooded_Grounds/Content/Textures/BLD_Villa2_AO.tif using Guid(762e650bc96d191499fbb68fea6434ee) Importer(815301076,1909f56bfc062723c751e8b465ee728b)  -> (artifact id: '5ad98309b60763e47a70b6679e449375') in 0.014114 seconds 
========================================================================
Received Import Request.
  Time since last request: 0.000065 seconds.
  path: Assets/Flooded_Grounds/Content/Textures/BLD_WindowGlass1_N.tif
  artifactKey: Guid(eb799aa129deb9c4ca94540c1352657c) Importer(815301076,1909f56bfc062723c751e8b465ee728b)
Start importing Assets/Flooded_Grounds/Content/Textures/BLD_WindowGlass1_N.tif using Guid(eb799aa129deb9c4ca94540c1352657c) Importer(815301076,1909f56bfc062723c751e8b465ee728b)  -> (artifact id: '8094ee3d206cf3697740175a53180a79') in 0.014280 seconds 
========================================================================
Received Import Request.
  Time since last request: 0.000042 seconds.
  path: Assets/Flooded_Grounds/Content/Textures/BLD_Rubble1_N.tif
  artifactKey: Guid(c80a25e70d3edec40be25d1dc44dedb3) Importer(815301076,1909f56bfc062723c751e8b465ee728b)
Start importing Assets/Flooded_Grounds/Content/Textures/BLD_Rubble1_N.tif using Guid(c80a25e70d3edec40be25d1dc44dedb3) Importer(815301076,1909f56bfc062723c751e8b465ee728b)  -> (artifact id: 'b1b433e7ef365b7e8796292ab1ce0660') in 0.052211 seconds 
========================================================================
Received Import Request.
  Time since last request: 484.958149 seconds.
  path: Assets/Flooded_Grounds/Content/Meshes/mBuildings/mGreenHouse/GreenHouse1_Deco_RoofPiece_B.fbx
  artifactKey: Guid(8d8ccd5c334bc6d4c8e84c918f33ffde) Importer(815301076,1909f56bfc062723c751e8b465ee728b)
Start importing Assets/Flooded_Grounds/Content/Meshes/mBuildings/mGreenHouse/GreenHouse1_Deco_RoofPiece_B.fbx using Guid(8d8ccd5c334bc6d4c8e84c918f33ffde) Importer(815301076,1909f56bfc062723c751e8b465ee728b)  -> (artifact id: '1b24ba470dd60138ef5b29956f30b94f') in 0.017184 seconds 
========================================================================
Received Import Request.
  Time since last request: 0.000018 seconds.
  path: Assets/Flooded_Grounds/Content/Meshes/mBuildings/mGreenHouse/GreenHouse1_Mid_A.fbx
  artifactKey: Guid(71ffbe1ba923274439bb299010ef4f6c) Importer(815301076,1909f56bfc062723c751e8b465ee728b)
Start importing Assets/Flooded_Grounds/Content/Meshes/mBuildings/mGreenHouse/GreenHouse1_Mid_A.fbx using Guid(71ffbe1ba923274439bb299010ef4f6c) Importer(815301076,1909f56bfc062723c751e8b465ee728b)  -> (artifact id: '240eae2647e4130f34de6eb74618ee5e') in 0.018182 seconds 
========================================================================
Received Import Request.
  Time since last request: 0.000027 seconds.
  path: Assets/Flooded_Grounds/Content/Meshes/mBuildings/mGreenHouse/GreenHouse1_Door_A.fbx
  artifactKey: Guid(7c517f93ac7c4c8449de867daaa62d72) Importer(815301076,1909f56bfc062723c751e8b465ee728b)
Start importing Assets/Flooded_Grounds/Content/Meshes/mBuildings/mGreenHouse/GreenHouse1_Door_A.fbx using Guid(7c517f93ac7c4c8449de867daaa62d72) Importer(815301076,1909f56bfc062723c751e8b465ee728b)  -> (artifact id: '9d7473a2b0bd07c68360d8ac1ebb4197') in 0.016480 seconds 
========================================================================
Received Import Request.
  Time since last request: 0.893273 seconds.
  path: Assets/Flooded_Grounds/Content/Meshes/mBuildings/mGuardHouse/GuardHouse_A_COL.fbx
  artifactKey: Guid(988d5f4ac9e71d249a47aef8d86d7c5d) Importer(815301076,1909f56bfc062723c751e8b465ee728b)
Start importing Assets/Flooded_Grounds/Content/Meshes/mBuildings/mGuardHouse/GuardHouse_A_COL.fbx using Guid(988d5f4ac9e71d249a47aef8d86d7c5d) Importer(815301076,1909f56bfc062723c751e8b465ee728b)  -> (artifact id: '03d5c2d6676588cf0f192ce8d840a612') in 0.013539 seconds 
========================================================================
Received Import Request.
  Time since last request: 1.757317 seconds.
  path: Assets/Flooded_Grounds/Content/Meshes/mBuildings/mIndBuilding1/IndBuilding1_Base_Stairs.fbx
  artifactKey: Guid(8928ea219648ade4e90e9ca2b1502e0e) Importer(815301076,1909f56bfc062723c751e8b465ee728b)
Start importing Assets/Flooded_Grounds/Content/Meshes/mBuildings/mIndBuilding1/IndBuilding1_Base_Stairs.fbx using Guid(8928ea219648ade4e90e9ca2b1502e0e) Importer(815301076,1909f56bfc062723c751e8b465ee728b)  -> (artifact id: 'e0a1e620f043a17e5f05f6a014b52e24') in 0.015572 seconds 
========================================================================
Received Import Request.
  Time since last request: 0.000017 seconds.
  path: Assets/Flooded_Grounds/Content/Meshes/mBuildings/mIndBuilding1/IndBuilding1_Wall_Mid_C.fbx
  artifactKey: Guid(5e91dc0978adeeb4cb1e9a947beb45ab) Importer(815301076,1909f56bfc062723c751e8b465ee728b)
Start importing Assets/Flooded_Grounds/Content/Meshes/mBuildings/mIndBuilding1/IndBuilding1_Wall_Mid_C.fbx using Guid(5e91dc0978adeeb4cb1e9a947beb45ab) Importer(815301076,1909f56bfc062723c751e8b465ee728b)  -> (artifact id: '7fa835fe9ac4bb95ad86a17bb684eeee') in 0.017037 seconds 
========================================================================
Received Import Request.
  Time since last request: 0.000019 seconds.
  path: Assets/Flooded_Grounds/Content/Meshes/mBuildings/mIndBuilding1/IndBuilding1_Wall_Cor_A.fbx
  artifactKey: Guid(37d91a4351675e94bb7bf7a5eec9cde0) Importer(815301076,1909f56bfc062723c751e8b465ee728b)
Start importing Assets/Flooded_Grounds/Content/Meshes/mBuildings/mIndBuilding1/IndBuilding1_Wall_Cor_A.fbx using Guid(37d91a4351675e94bb7bf7a5eec9cde0) Importer(815301076,1909f56bfc062723c751e8b465ee728b)  -> (artifact id: 'c6afbee7ed2f4a61214c7760576b7980') in 0.015914 seconds 
========================================================================
Received Import Request.
  Time since last request: 0.000023 seconds.
  path: Assets/Flooded_Grounds/Content/Meshes/mBuildings/mIndBuilding1/IndBuilding1_Deco_WindowGlass_A.fbx
  artifactKey: Guid(8793e85ed0a83fb4280277933d572675) Importer(815301076,1909f56bfc062723c751e8b465ee728b)
Start importing Assets/Flooded_Grounds/Content/Meshes/mBuildings/mIndBuilding1/IndBuilding1_Deco_WindowGlass_A.fbx using Guid(8793e85ed0a83fb4280277933d572675) Importer(815301076,1909f56bfc062723c751e8b465ee728b)  -> (artifact id: 'c9f98fbe37e840e6bd6176afed0cdb88') in 0.041143 seconds 
========================================================================
Received Import Request.
  Time since last request: 0.000018 seconds.
  path: Assets/Flooded_Grounds/Content/Meshes/mBuildings/mIndBuilding1/IndBuilding1_Roof_Mid_A_4x.fbx
  artifactKey: Guid(9a89e08d03f8cae4b9892be5973cd34c) Importer(815301076,1909f56bfc062723c751e8b465ee728b)
Start importing Assets/Flooded_Grounds/Content/Meshes/mBuildings/mIndBuilding1/IndBuilding1_Roof_Mid_A_4x.fbx using Guid(9a89e08d03f8cae4b9892be5973cd34c) Importer(815301076,1909f56bfc062723c751e8b465ee728b)  -> (artifact id: '4330ba74e82ae4903b75a63a9bdbd8f4') in 0.015692 seconds 
========================================================================
Received Import Request.
  Time since last request: 0.000023 seconds.
  path: Assets/Flooded_Grounds/Content/Meshes/mBuildings/mIndBuilding1/IndBuilding1_Roof_Mid_A.fbx
  artifactKey: Guid(9be033ce15ba54a4d98378d16730bf22) Importer(815301076,1909f56bfc062723c751e8b465ee728b)
Start importing Assets/Flooded_Grounds/Content/Meshes/mBuildings/mIndBuilding1/IndBuilding1_Roof_Mid_A.fbx using Guid(9be033ce15ba54a4d98378d16730bf22) Importer(815301076,1909f56bfc062723c751e8b465ee728b)  -> (artifact id: '2f70178129f1dee3750d60bc0f3b898a') in 0.017040 seconds 
========================================================================
Received Import Request.
  Time since last request: 0.000032 seconds.
  path: Assets/Flooded_Grounds/Content/Meshes/mBuildings/mIndBuilding1/IndBuilding1_Floor_Mid_A.fbx
  artifactKey: Guid(6310ba51076eae64eb0f6d3b82cc6990) Importer(815301076,1909f56bfc062723c751e8b465ee728b)
Start importing Assets/Flooded_Grounds/Content/Meshes/mBuildings/mIndBuilding1/IndBuilding1_Floor_Mid_A.fbx using Guid(6310ba51076eae64eb0f6d3b82cc6990) Importer(815301076,1909f56bfc062723c751e8b465ee728b)  -> (artifact id: '98c2b57afcf3077e76dc08c71fcb082d') in 0.014238 seconds 
========================================================================
Received Import Request.
  Time since last request: 0.000019 seconds.
  path: Assets/Flooded_Grounds/Content/Meshes/mBuildings/mIndBuilding1/IndBuilding1_IntStairs_A.fbx
  artifactKey: Guid(82ccc92dff1f93b4c9267bd790298b0c) Importer(815301076,1909f56bfc062723c751e8b465ee728b)
Start importing Assets/Flooded_Grounds/Content/Meshes/mBuildings/mIndBuilding1/IndBuilding1_IntStairs_A.fbx using Guid(82ccc92dff1f93b4c9267bd790298b0c) Importer(815301076,1909f56bfc062723c751e8b465ee728b)  -> (artifact id: '0b860fc94b062d5a6117926b375e2002') in 0.016020 seconds 
========================================================================
Received Import Request.
  Time since last request: 0.000023 seconds.
  path: Assets/Flooded_Grounds/Content/Meshes/mBuildings/mIndBuilding1/IndBuilding1_Wall_Mid_D.fbx
  artifactKey: Guid(6080293385a3d184a9ab5e25fe3ab947) Importer(815301076,1909f56bfc062723c751e8b465ee728b)
Start importing Assets/Flooded_Grounds/Content/Meshes/mBuildings/mIndBuilding1/IndBuilding1_Wall_Mid_D.fbx using Guid(6080293385a3d184a9ab5e25fe3ab947) Importer(815301076,1909f56bfc062723c751e8b465ee728b)  -> (artifact id: 'e42434dd06b222d947c9ec95dbfc45e7') in 0.016043 seconds 
========================================================================
Received Import Request.
  Time since last request: 0.000019 seconds.
  path: Assets/Flooded_Grounds/Content/Meshes/mBuildings/mIndBuilding1/IndBuilding1_Deco_IntColumn_Top.fbx
  artifactKey: Guid(4beb4b1a8e2cc064390764cd8024915b) Importer(815301076,1909f56bfc062723c751e8b465ee728b)
Start importing Assets/Flooded_Grounds/Content/Meshes/mBuildings/mIndBuilding1/IndBuilding1_Deco_IntColumn_Top.fbx using Guid(4beb4b1a8e2cc064390764cd8024915b) Importer(815301076,1909f56bfc062723c751e8b465ee728b)  -> (artifact id: '275c0c6cd9eebb79d48d17dca6b78f5a') in 0.016257 seconds 
========================================================================
Received Import Request.
  Time since last request: 0.000018 seconds.
  path: Assets/Flooded_Grounds/Content/Meshes/mBuildings/mIndBuilding1/IndBuilding1_Deco_Handrail_Cor_A.fbx
  artifactKey: Guid(69eaa02892a5e4540a925cc496b688b6) Importer(815301076,1909f56bfc062723c751e8b465ee728b)
Start importing Assets/Flooded_Grounds/Content/Meshes/mBuildings/mIndBuilding1/IndBuilding1_Deco_Handrail_Cor_A.fbx using Guid(69eaa02892a5e4540a925cc496b688b6) Importer(815301076,1909f56bfc062723c751e8b465ee728b)  -> (artifact id: '8eec879a75a80d2ff31f0457f6a8eb82') in 0.056275 seconds 
========================================================================
Received Import Request.
  Time since last request: 0.000024 seconds.
  path: Assets/Flooded_Grounds/Content/Meshes/mBuildings/mIndBuilding1/IndBuilding1_Wall_Mid_A.fbx
  artifactKey: Guid(cbf13026d2f984947863c523dffb531c) Importer(815301076,1909f56bfc062723c751e8b465ee728b)
Start importing Assets/Flooded_Grounds/Content/Meshes/mBuildings/mIndBuilding1/IndBuilding1_Wall_Mid_A.fbx using Guid(cbf13026d2f984947863c523dffb531c) Importer(815301076,1909f56bfc062723c751e8b465ee728b)  -> (artifact id: 'a4202f362de1fa572a45c0f36e2c35fb') in 0.016957 seconds 
========================================================================
Received Import Request.
  Time since last request: 1.912160 seconds.
  path: Assets/Flooded_Grounds/Content/Meshes/mBuildings/mIndBuilding2/Indbuilding2_End_A.fbx
  artifactKey: Guid(9ef6ca1b48a472842a62794f0698ffe1) Importer(815301076,1909f56bfc062723c751e8b465ee728b)
Start importing Assets/Flooded_Grounds/Content/Meshes/mBuildings/mIndBuilding2/Indbuilding2_End_A.fbx using Guid(9ef6ca1b48a472842a62794f0698ffe1) Importer(815301076,1909f56bfc062723c751e8b465ee728b)  -> (artifact id: 'de617beeae5548f69948628da431a3f1') in 0.015110 seconds 
========================================================================
Received Import Request.
  Time since last request: 0.000015 seconds.
  path: Assets/Flooded_Grounds/Content/Meshes/mBuildings/mIndBuilding2/IndBuilding2_End_B_COL.fbx
  artifactKey: Guid(12f0e8412849dce4bb9fc0fe173549e0) Importer(815301076,1909f56bfc062723c751e8b465ee728b)
Start importing Assets/Flooded_Grounds/Content/Meshes/mBuildings/mIndBuilding2/IndBuilding2_End_B_COL.fbx using Guid(12f0e8412849dce4bb9fc0fe173549e0) Importer(815301076,1909f56bfc062723c751e8b465ee728b)  -> (artifact id: '74aeca955404d4e2bac69b4783075dac') in 0.017715 seconds 
========================================================================
Received Import Request.
  Time since last request: 0.000016 seconds.
  path: Assets/Flooded_Grounds/Content/Meshes/mBuildings/mIndBuilding2/IndBuilding2_Mid_A_COL.fbx
  artifactKey: Guid(4975e2d81a915c84394157cd3b9be5c1) Importer(815301076,1909f56bfc062723c751e8b465ee728b)
Start importing Assets/Flooded_Grounds/Content/Meshes/mBuildings/mIndBuilding2/IndBuilding2_Mid_A_COL.fbx using Guid(4975e2d81a915c84394157cd3b9be5c1) Importer(815301076,1909f56bfc062723c751e8b465ee728b)  -> (artifact id: '207be2796f6d7b5cbe235d8d56c0cb99') in 0.018262 seconds 
========================================================================
Received Import Request.
  Time since last request: 5.819295 seconds.
  path: Assets/Flooded_Grounds/Content/Meshes/mBuildings/mStructures/Pavement2_End_A.fbx
  artifactKey: Guid(19168a2efac778e44bb83444416d1fb0) Importer(815301076,1909f56bfc062723c751e8b465ee728b)
Start importing Assets/Flooded_Grounds/Content/Meshes/mBuildings/mStructures/Pavement2_End_A.fbx using Guid(19168a2efac778e44bb83444416d1fb0) Importer(815301076,1909f56bfc062723c751e8b465ee728b)  -> (artifact id: '66d7af1c64285a3bf615bbdb3c3895d7') in 0.015242 seconds 
========================================================================
Received Import Request.
  Time since last request: 0.000016 seconds.
  path: Assets/Flooded_Grounds/Content/Meshes/mBuildings/mStructures/Struct_Pole_B_COL.fbx
  artifactKey: Guid(a01ba4ce8ab06a74480aef96f0c99085) Importer(815301076,1909f56bfc062723c751e8b465ee728b)
Start importing Assets/Flooded_Grounds/Content/Meshes/mBuildings/mStructures/Struct_Pole_B_COL.fbx using Guid(a01ba4ce8ab06a74480aef96f0c99085) Importer(815301076,1909f56bfc062723c751e8b465ee728b)  -> (artifact id: 'c6a30d9cf395474f2adc807e1916c809') in 0.017133 seconds 
========================================================================
Received Import Request.
  Time since last request: 0.000018 seconds.
  path: Assets/Flooded_Grounds/Content/Meshes/mBuildings/mStructures/Struct_BillBoard_A.fbx
  artifactKey: Guid(9e67cf32e669f5b40ae00136f4fc5fb8) Importer(815301076,1909f56bfc062723c751e8b465ee728b)
Start importing Assets/Flooded_Grounds/Content/Meshes/mBuildings/mStructures/Struct_BillBoard_A.fbx using Guid(9e67cf32e669f5b40ae00136f4fc5fb8) Importer(815301076,1909f56bfc062723c751e8b465ee728b)  -> (artifact id: '3c114de1f2fa60893691421ff3c28d48') in 0.041878 seconds 
========================================================================
Received Import Request.
  Time since last request: 0.000017 seconds.
  path: Assets/Flooded_Grounds/Content/Meshes/mBuildings/mStructures/Struct_Fence1_Mid_B.fbx
  artifactKey: Guid(3ba2d426b1f399a4a9cfaa5e362e5b97) Importer(815301076,1909f56bfc062723c751e8b465ee728b)
Start importing Assets/Flooded_Grounds/Content/Meshes/mBuildings/mStructures/Struct_Fence1_Mid_B.fbx using Guid(3ba2d426b1f399a4a9cfaa5e362e5b97) Importer(815301076,1909f56bfc062723c751e8b465ee728b)  -> (artifact id: '030835b6f85eb778d3a5c62537f94869') in 0.041900 seconds 
========================================================================
Received Import Request.
  Time since last request: 0.000024 seconds.
  path: Assets/Flooded_Grounds/Content/Meshes/mBuildings/mStructures/Struct_Fence1_Mid_A.fbx
  artifactKey: Guid(3c9d077ed5fa69448811ddc276e5bc38) Importer(815301076,1909f56bfc062723c751e8b465ee728b)
Start importing Assets/Flooded_Grounds/Content/Meshes/mBuildings/mStructures/Struct_Fence1_Mid_A.fbx using Guid(3c9d077ed5fa69448811ddc276e5bc38) Importer(815301076,1909f56bfc062723c751e8b465ee728b)  -> (artifact id: 'c4aabb903af35f5c3e86c377efc0ef6b') in 0.017476 seconds 
========================================================================
Received Import Request.
  Time since last request: 0.000020 seconds.
  path: Assets/Flooded_Grounds/Content/Meshes/mBuildings/mStructures/Struct_Fence1_Column_A.fbx
  artifactKey: Guid(2df0132bf545e984b9df59e532dcab53) Importer(815301076,1909f56bfc062723c751e8b465ee728b)
Start importing Assets/Flooded_Grounds/Content/Meshes/mBuildings/mStructures/Struct_Fence1_Column_A.fbx using Guid(2df0132bf545e984b9df59e532dcab53) Importer(815301076,1909f56bfc062723c751e8b465ee728b)  -> (artifact id: '59583fb86da5b1e63003f53d123518f6') in 0.015662 seconds 
========================================================================
Received Import Request.
  Time since last request: 0.000034 seconds.
  path: Assets/Flooded_Grounds/Content/Meshes/mBuildings/mStructures/Struct_Pavilion_B_COL.fbx
  artifactKey: Guid(63132d99821cb9a44a82fbae427832c9) Importer(815301076,1909f56bfc062723c751e8b465ee728b)
Start importing Assets/Flooded_Grounds/Content/Meshes/mBuildings/mStructures/Struct_Pavilion_B_COL.fbx using Guid(63132d99821cb9a44a82fbae427832c9) Importer(815301076,1909f56bfc062723c751e8b465ee728b)  -> (artifact id: '5f9fd1381d742866ca19b5c084523a27') in 0.019992 seconds 
========================================================================
Received Import Request.
  Time since last request: 0.000031 seconds.
  path: Assets/Flooded_Grounds/Content/Meshes/mBuildings/mStructures/Struct_Billboard_B.fbx
  artifactKey: Guid(e994d209d1c05c048956bc32faa58aa5) Importer(815301076,1909f56bfc062723c751e8b465ee728b)
Start importing Assets/Flooded_Grounds/Content/Meshes/mBuildings/mStructures/Struct_Billboard_B.fbx using Guid(e994d209d1c05c048956bc32faa58aa5) Importer(815301076,1909f56bfc062723c751e8b465ee728b)  -> (artifact id: 'fdc282030425a459ec1dee1f31db1b36') in 0.043304 seconds 
========================================================================
Received Import Request.
  Time since last request: 0.000027 seconds.
  path: Assets/Flooded_Grounds/Content/Meshes/mBuildings/mStructures/Struct_RadioTower_A.fbx
  artifactKey: Guid(7c68ec09c2cee934cb9abb016bf4bb2e) Importer(815301076,1909f56bfc062723c751e8b465ee728b)
Start importing Assets/Flooded_Grounds/Content/Meshes/mBuildings/mStructures/Struct_RadioTower_A.fbx using Guid(7c68ec09c2cee934cb9abb016bf4bb2e) Importer(815301076,1909f56bfc062723c751e8b465ee728b)  -> (artifact id: 'd241cd9129f69164795b4df43619ed00') in 0.043766 seconds 
========================================================================
Received Import Request.
  Time since last request: 0.000018 seconds.
  path: Assets/Flooded_Grounds/Content/Meshes/mBuildings/mStructures/Struct_ExtStairs_B_COL.fbx
  artifactKey: Guid(bf5a40df25c64c1488740604956d1aba) Importer(815301076,1909f56bfc062723c751e8b465ee728b)
Start importing Assets/Flooded_Grounds/Content/Meshes/mBuildings/mStructures/Struct_ExtStairs_B_COL.fbx using Guid(bf5a40df25c64c1488740604956d1aba) Importer(815301076,1909f56bfc062723c751e8b465ee728b)  -> (artifact id: '44ee317c1b0458977807d9d4c6c269bc') in 0.017921 seconds 
========================================================================
Received Import Request.
  Time since last request: 0.000015 seconds.
  path: Assets/Flooded_Grounds/Content/Meshes/mBuildings/mStructures/Struct_Fence1_Column_A_DM.fbx
  artifactKey: Guid(47fe2ca370ffa17488cf7c19d3031ccc) Importer(815301076,1909f56bfc062723c751e8b465ee728b)
Start importing Assets/Flooded_Grounds/Content/Meshes/mBuildings/mStructures/Struct_Fence1_Column_A_DM.fbx using Guid(47fe2ca370ffa17488cf7c19d3031ccc) Importer(815301076,1909f56bfc062723c751e8b465ee728b)  -> (artifact id: '242aba6fd87e1c30bd219591ff458298') in 0.038391 seconds 
========================================================================
Received Import Request.
  Time since last request: 0.000019 seconds.
  path: Assets/Flooded_Grounds/Content/Meshes/mBuildings/mStructures/Struct_FlowerBox_B.fbx
  artifactKey: Guid(19bea72077217b4489a208027faff0f5) Importer(815301076,1909f56bfc062723c751e8b465ee728b)
Start importing Assets/Flooded_Grounds/Content/Meshes/mBuildings/mStructures/Struct_FlowerBox_B.fbx using Guid(19bea72077217b4489a208027faff0f5) Importer(815301076,1909f56bfc062723c751e8b465ee728b)  -> (artifact id: '1d429961c53c69865abf04f391a860cb') in 0.016071 seconds 
========================================================================
Received Import Request.
  Time since last request: 0.000018 seconds.
  path: Assets/Flooded_Grounds/Content/Meshes/mBuildings/mStructures/Struct_Billboard_A_DM_COL.fbx
  artifactKey: Guid(dc4c81debce8b034d97777011e012798) Importer(815301076,1909f56bfc062723c751e8b465ee728b)
Start importing Assets/Flooded_Grounds/Content/Meshes/mBuildings/mStructures/Struct_Billboard_A_DM_COL.fbx using Guid(dc4c81debce8b034d97777011e012798) Importer(815301076,1909f56bfc062723c751e8b465ee728b)  -> (artifact id: '847a2043474ca58a4804587b88a1fd6e') in 0.015471 seconds 
========================================================================
Received Import Request.
  Time since last request: 0.000020 seconds.
  path: Assets/Flooded_Grounds/Content/Meshes/mBuildings/mStructures/Struct_Fence1_Gate_A_Door_DM.fbx
  artifactKey: Guid(ae21f94be6c7d374db2a242be202ccec) Importer(815301076,1909f56bfc062723c751e8b465ee728b)
Start importing Assets/Flooded_Grounds/Content/Meshes/mBuildings/mStructures/Struct_Fence1_Gate_A_Door_DM.fbx using Guid(ae21f94be6c7d374db2a242be202ccec) Importer(815301076,1909f56bfc062723c751e8b465ee728b)  -> (artifact id: '39745fc3bb1f9e9723356e7355b43b77') in 0.016645 seconds 
========================================================================
Received Import Request.
  Time since last request: 0.000042 seconds.
  path: Assets/Flooded_Grounds/Content/Meshes/mBuildings/mStructures/Struct_Kiosk_A.fbx
  artifactKey: Guid(b6a5282b7fac0e849bbf1ee982362471) Importer(815301076,1909f56bfc062723c751e8b465ee728b)
Start importing Assets/Flooded_Grounds/Content/Meshes/mBuildings/mStructures/Struct_Kiosk_A.fbx using Guid(b6a5282b7fac0e849bbf1ee982362471) Importer(815301076,1909f56bfc062723c751e8b465ee728b)  -> (artifact id: '4afa416d6ef5b35adfc806c373933a4d') in 0.041565 seconds 
========================================================================
Received Import Request.
  Time since last request: 0.000028 seconds.
  path: Assets/Flooded_Grounds/Content/Meshes/mBuildings/mStructures/Struct_Pole_B.fbx
  artifactKey: Guid(db905d3f52ce4864c96f7b4d967faf08) Importer(815301076,1909f56bfc062723c751e8b465ee728b)
Start importing Assets/Flooded_Grounds/Content/Meshes/mBuildings/mStructures/Struct_Pole_B.fbx using Guid(db905d3f52ce4864c96f7b4d967faf08) Importer(815301076,1909f56bfc062723c751e8b465ee728b)  -> (artifact id: '64e0e5e1b5519f87a3dd9d3bbe143321') in 0.035169 seconds 
========================================================================
Received Import Request.
  Time since last request: 0.000042 seconds.
  path: Assets/Flooded_Grounds/Content/Meshes/mBuildings/mStructures/Struct_FloodWall_B.fbx
  artifactKey: Guid(6dfca11f97ce9914285493b25822dc12) Importer(815301076,1909f56bfc062723c751e8b465ee728b)
Start importing Assets/Flooded_Grounds/Content/Meshes/mBuildings/mStructures/Struct_FloodWall_B.fbx using Guid(6dfca11f97ce9914285493b25822dc12) Importer(815301076,1909f56bfc062723c751e8b465ee728b)  -> (artifact id: 'db3c0490127365c42fae54b17d3ac312') in 0.061745 seconds 
========================================================================
Received Import Request.
  Time since last request: 0.000017 seconds.
  path: Assets/Flooded_Grounds/Content/Meshes/mBuildings/mStructures/Struct_Fence1_Mid_C.fbx
  artifactKey: Guid(503d5fd1db92cbd479503c51c0f49761) Importer(815301076,1909f56bfc062723c751e8b465ee728b)
Start importing Assets/Flooded_Grounds/Content/Meshes/mBuildings/mStructures/Struct_Fence1_Mid_C.fbx using Guid(503d5fd1db92cbd479503c51c0f49761) Importer(815301076,1909f56bfc062723c751e8b465ee728b)  -> (artifact id: 'f893529dadb140d9db43d50041dcedc9') in 0.042610 seconds 
========================================================================
Received Import Request.
  Time since last request: 3.741585 seconds.
  path: Assets/Flooded_Grounds/Content/Meshes/mBuildings/mVilla1/Villa1_Base_Mid_B.fbx
  artifactKey: Guid(da58fceaad4545b40bbf562547c9627f) Importer(815301076,1909f56bfc062723c751e8b465ee728b)
Start importing Assets/Flooded_Grounds/Content/Meshes/mBuildings/mVilla1/Villa1_Base_Mid_B.fbx using Guid(da58fceaad4545b40bbf562547c9627f) Importer(815301076,1909f56bfc062723c751e8b465ee728b)  -> (artifact id: 'd29f4533422121fd1e96ec8e3d45430a') in 0.041747 seconds 
========================================================================
Received Import Request.
  Time since last request: 0.000015 seconds.
  path: Assets/Flooded_Grounds/Content/Meshes/mBuildings/mVilla1/Villa1_Deco_Handrail1_Mid_A.fbx
  artifactKey: Guid(6a7c44512bf914d4b8dcbba24c18036d) Importer(815301076,1909f56bfc062723c751e8b465ee728b)
Start importing Assets/Flooded_Grounds/Content/Meshes/mBuildings/mVilla1/Villa1_Deco_Handrail1_Mid_A.fbx using Guid(6a7c44512bf914d4b8dcbba24c18036d) Importer(815301076,1909f56bfc062723c751e8b465ee728b)  -> (artifact id: '8264d565d82611f9eadacf2444d822d4') in 0.018074 seconds 
========================================================================
Received Import Request.
  Time since last request: 0.000023 seconds.
  path: Assets/Flooded_Grounds/Content/Meshes/mBuildings/mVilla1/Villa1_Wall_Mid_B.fbx
  artifactKey: Guid(fd23624531a719f44a4bf443aabeedb2) Importer(815301076,1909f56bfc062723c751e8b465ee728b)
Start importing Assets/Flooded_Grounds/Content/Meshes/mBuildings/mVilla1/Villa1_Wall_Mid_B.fbx using Guid(fd23624531a719f44a4bf443aabeedb2) Importer(815301076,1909f56bfc062723c751e8b465ee728b)  -> (artifact id: 'a4e5f3dfbd60f7609446a8017661ac9b') in 0.033635 seconds 
========================================================================
Received Import Request.
  Time since last request: 0.000016 seconds.
  path: Assets/Flooded_Grounds/Content/Meshes/mBuildings/mVilla1/Villa1_Wall_Int_B.fbx
  artifactKey: Guid(ead2e73ec878f8b42a73e03ff67ff596) Importer(815301076,1909f56bfc062723c751e8b465ee728b)
Start importing Assets/Flooded_Grounds/Content/Meshes/mBuildings/mVilla1/Villa1_Wall_Int_B.fbx using Guid(ead2e73ec878f8b42a73e03ff67ff596) Importer(815301076,1909f56bfc062723c751e8b465ee728b)  -> (artifact id: '92c63479aa3db87e736f9d3b73d7348d') in 0.015559 seconds 
========================================================================
Received Import Request.
  Time since last request: 0.000027 seconds.
  path: Assets/Flooded_Grounds/Content/Meshes/mBuildings/mVilla1/Villa1_Ext_A_COL.fbx
  artifactKey: Guid(f583dd76cea3c4a429589540dd9994c1) Importer(815301076,1909f56bfc062723c751e8b465ee728b)
Start importing Assets/Flooded_Grounds/Content/Meshes/mBuildings/mVilla1/Villa1_Ext_A_COL.fbx using Guid(f583dd76cea3c4a429589540dd9994c1) Importer(815301076,1909f56bfc062723c751e8b465ee728b)  -> (artifact id: '168435043023d31a8eacbd9e4a76741a') in 0.016304 seconds 
========================================================================
Received Import Request.
  Time since last request: 0.000022 seconds.
  path: Assets/Flooded_Grounds/Content/Meshes/mBuildings/mVilla1/Villa1_Ext_B_COL.fbx
  artifactKey: Guid(b55200d7448693a43b7a848b11a46f6c) Importer(815301076,1909f56bfc062723c751e8b465ee728b)
Start importing Assets/Flooded_Grounds/Content/Meshes/mBuildings/mVilla1/Villa1_Ext_B_COL.fbx using Guid(b55200d7448693a43b7a848b11a46f6c) Importer(815301076,1909f56bfc062723c751e8b465ee728b)  -> (artifact id: 'be2b92dfa92cf32f59aa05618a192325') in 0.059940 seconds 
========================================================================
Received Import Request.
  Time since last request: 0.000013 seconds.
  path: Assets/Flooded_Grounds/Content/Meshes/mBuildings/mVilla1/Villa1_Base_Stairs_A_COL.fbx
  artifactKey: Guid(e7c1a8b720a24e044b003bd80fa39ac0) Importer(815301076,1909f56bfc062723c751e8b465ee728b)
Start importing Assets/Flooded_Grounds/Content/Meshes/mBuildings/mVilla1/Villa1_Base_Stairs_A_COL.fbx using Guid(e7c1a8b720a24e044b003bd80fa39ac0) Importer(815301076,1909f56bfc062723c751e8b465ee728b)  -> (artifact id: '822a57c4d8b6c015d8d720a60d1944b4') in 0.059394 seconds 
========================================================================
Received Import Request.
  Time since last request: 0.000014 seconds.
  path: Assets/Flooded_Grounds/Content/Meshes/mBuildings/mVilla1/Villa1_Deco_Deco_Beam_A.fbx
  artifactKey: Guid(aff3a4c3ec4f85946aec6f79aa265e8b) Importer(815301076,1909f56bfc062723c751e8b465ee728b)
Start importing Assets/Flooded_Grounds/Content/Meshes/mBuildings/mVilla1/Villa1_Deco_Deco_Beam_A.fbx using Guid(aff3a4c3ec4f85946aec6f79aa265e8b) Importer(815301076,1909f56bfc062723c751e8b465ee728b)  -> (artifact id: '479be0e932fdc7092783d236ab19ad39') in 0.018432 seconds 
========================================================================
Received Import Request.
  Time since last request: 0.000020 seconds.
  path: Assets/Flooded_Grounds/Content/Meshes/mBuildings/mVilla1/Villa1_IntStairs_B_COL.fbx
  artifactKey: Guid(9a53775da8e00df4abed7f0224716aa3) Importer(815301076,1909f56bfc062723c751e8b465ee728b)
Start importing Assets/Flooded_Grounds/Content/Meshes/mBuildings/mVilla1/Villa1_IntStairs_B_COL.fbx using Guid(9a53775da8e00df4abed7f0224716aa3) Importer(815301076,1909f56bfc062723c751e8b465ee728b)  -> (artifact id: '4a2da7a9dc5b5f22e3179bf3cdfb71da') in 0.016522 seconds 
========================================================================
Received Import Request.
  Time since last request: 0.000016 seconds.
  path: Assets/Flooded_Grounds/Content/Meshes/mBuildings/mVilla1/Villa1_IntStairs_A.fbx
  artifactKey: Guid(70e5c6c9abcfa38428f7dec2ae1298ad) Importer(815301076,1909f56bfc062723c751e8b465ee728b)
Start importing Assets/Flooded_Grounds/Content/Meshes/mBuildings/mVilla1/Villa1_IntStairs_A.fbx using Guid(70e5c6c9abcfa38428f7dec2ae1298ad) Importer(815301076,1909f56bfc062723c751e8b465ee728b)  -> (artifact id: 'b00e3d8412e3a33f0377d205c32a6431') in 0.017442 seconds 
========================================================================
Received Import Request.
  Time since last request: 0.000014 seconds.
  path: Assets/Flooded_Grounds/Content/Meshes/mBuildings/mVilla1/Villa1_Top_Cor1.fbx
  artifactKey: Guid(a8348a8caf68b214e8b9aced3556e8bb) Importer(815301076,1909f56bfc062723c751e8b465ee728b)
Start importing Assets/Flooded_Grounds/Content/Meshes/mBuildings/mVilla1/Villa1_Top_Cor1.fbx using Guid(a8348a8caf68b214e8b9aced3556e8bb) Importer(815301076,1909f56bfc062723c751e8b465ee728b)  -> (artifact id: 'd451a80e770aa6fe4d41dc1a48856fcd') in 0.018076 seconds 
========================================================================
Received Import Request.
  Time since last request: 0.000023 seconds.
  path: Assets/Flooded_Grounds/Content/Meshes/mBuildings/mVilla1/Villa1_Door_B.fbx
  artifactKey: Guid(cff6467a6cb18b347b329fb583a43a20) Importer(815301076,1909f56bfc062723c751e8b465ee728b)
Start importing Assets/Flooded_Grounds/Content/Meshes/mBuildings/mVilla1/Villa1_Door_B.fbx using Guid(cff6467a6cb18b347b329fb583a43a20) Importer(815301076,1909f56bfc062723c751e8b465ee728b)  -> (artifact id: 'ead2039794ce675c6a5b2405e1af9f40') in 0.039400 seconds 
========================================================================
Received Import Request.
  Time since last request: 0.000025 seconds.
  path: Assets/Flooded_Grounds/Content/Meshes/mBuildings/mVilla1/Villa1_Top_Mid_A.fbx
  artifactKey: Guid(1ea5ad505437e9a4f802fb6a24c402cf) Importer(815301076,1909f56bfc062723c751e8b465ee728b)
Start importing Assets/Flooded_Grounds/Content/Meshes/mBuildings/mVilla1/Villa1_Top_Mid_A.fbx using Guid(1ea5ad505437e9a4f802fb6a24c402cf) Importer(815301076,1909f56bfc062723c751e8b465ee728b)  -> (artifact id: '5f03f982f34ad049fc258b859523c8d8') in 0.017791 seconds 
========================================================================
Received Import Request.
  Time since last request: 0.000016 seconds.
  path: Assets/Flooded_Grounds/Content/Meshes/mBuildings/mVilla1/Villa1_Wall_Mid_D.fbx
  artifactKey: Guid(25f99a0d3086b5c42ac46a2ab24bd6e8) Importer(815301076,1909f56bfc062723c751e8b465ee728b)
Start importing Assets/Flooded_Grounds/Content/Meshes/mBuildings/mVilla1/Villa1_Wall_Mid_D.fbx using Guid(25f99a0d3086b5c42ac46a2ab24bd6e8) Importer(815301076,1909f56bfc062723c751e8b465ee728b)  -> (artifact id: '33761e28a9305b77d56204b2e13cd273') in 0.015598 seconds 
========================================================================
Received Import Request.
  Time since last request: 0.000015 seconds.
  path: Assets/Flooded_Grounds/Content/Meshes/mBuildings/mVilla1/Villa1_Ext_A.fbx
  artifactKey: Guid(d4f6d897a9fc78244bb719468f1569c0) Importer(815301076,1909f56bfc062723c751e8b465ee728b)
Start importing Assets/Flooded_Grounds/Content/Meshes/mBuildings/mVilla1/Villa1_Ext_A.fbx using Guid(d4f6d897a9fc78244bb719468f1569c0) Importer(815301076,1909f56bfc062723c751e8b465ee728b)  -> (artifact id: 'e945f29dfdfe0bdeae22a9ddc7e92fae') in 0.021434 seconds 
========================================================================
Received Import Request.
  Time since last request: 0.000019 seconds.
  path: Assets/Flooded_Grounds/Content/Meshes/mBuildings/mVilla1/Villa1_Deco_WindowGlass_C.fbx
  artifactKey: Guid(6afaa8d7b325f4b468c5db0d0cf0d3b4) Importer(815301076,1909f56bfc062723c751e8b465ee728b)
Start importing Assets/Flooded_Grounds/Content/Meshes/mBuildings/mVilla1/Villa1_Deco_WindowGlass_C.fbx using Guid(6afaa8d7b325f4b468c5db0d0cf0d3b4) Importer(815301076,1909f56bfc062723c751e8b465ee728b)  -> (artifact id: 'f186bfec36dfe8d8b77a3acc5a20272f') in 0.016463 seconds 
========================================================================
Received Import Request.
  Time since last request: 0.000028 seconds.
  path: Assets/Flooded_Grounds/Content/Meshes/mBuildings/mVilla1/Villa1_Door_A.fbx
  artifactKey: Guid(6a1cbdbcd9f735f45beaa6e43bf6255e) Importer(815301076,1909f56bfc062723c751e8b465ee728b)
Start importing Assets/Flooded_Grounds/Content/Meshes/mBuildings/mVilla1/Villa1_Door_A.fbx using Guid(6a1cbdbcd9f735f45beaa6e43bf6255e) Importer(815301076,1909f56bfc062723c751e8b465ee728b)  -> (artifact id: 'e49d38664cc5d092696d27ec530ff72c') in 0.016829 seconds 
========================================================================
Received Import Request.
  Time since last request: 0.772486 seconds.
  path: Assets/Flooded_Grounds/Content/Meshes/mBuildings/mVilla2/Villa2_Base_Ext_A.fbx
  artifactKey: Guid(74f74144f25a604449bde17ae6646801) Importer(815301076,1909f56bfc062723c751e8b465ee728b)
Start importing Assets/Flooded_Grounds/Content/Meshes/mBuildings/mVilla2/Villa2_Base_Ext_A.fbx using Guid(74f74144f25a604449bde17ae6646801) Importer(815301076,1909f56bfc062723c751e8b465ee728b)  -> (artifact id: '3cdba5e23fab570586f541ba3ed5dffb') in 0.014694 seconds 
========================================================================
Received Import Request.
  Time since last request: 0.000018 seconds.
  path: Assets/Flooded_Grounds/Content/Meshes/mBuildings/mVilla2/Villa2_Deco_Column_Top_A.fbx
  artifactKey: Guid(09a44f70699a409489f373dfddb6db05) Importer(815301076,1909f56bfc062723c751e8b465ee728b)
Start importing Assets/Flooded_Grounds/Content/Meshes/mBuildings/mVilla2/Villa2_Deco_Column_Top_A.fbx using Guid(09a44f70699a409489f373dfddb6db05) Importer(815301076,1909f56bfc062723c751e8b465ee728b)  -> (artifact id: 'a2116a700abd9176ce36a496cf0dae7e') in 0.017731 seconds 
========================================================================
Received Import Request.
  Time since last request: 0.000018 seconds.
  path: Assets/Flooded_Grounds/Content/Meshes/mBuildings/mVilla2/Villa2_Wall_Mid_D.fbx
  artifactKey: Guid(0dafcec3076e9e143a3b8f59b6b64d86) Importer(815301076,1909f56bfc062723c751e8b465ee728b)
Start importing Assets/Flooded_Grounds/Content/Meshes/mBuildings/mVilla2/Villa2_Wall_Mid_D.fbx using Guid(0dafcec3076e9e143a3b8f59b6b64d86) Importer(815301076,1909f56bfc062723c751e8b465ee728b)  -> (artifact id: '99946f981d94f49903119bab1dffcc6d') in 0.016737 seconds 
========================================================================
Received Import Request.
  Time since last request: 0.000014 seconds.
  path: Assets/Flooded_Grounds/Content/Meshes/mBuildings/mVilla2/Villa2_Base_Stairs_A.fbx
  artifactKey: Guid(c13f39f1ce11d7748b3e1f112635cbba) Importer(815301076,1909f56bfc062723c751e8b465ee728b)
Start importing Assets/Flooded_Grounds/Content/Meshes/mBuildings/mVilla2/Villa2_Base_Stairs_A.fbx using Guid(c13f39f1ce11d7748b3e1f112635cbba) Importer(815301076,1909f56bfc062723c751e8b465ee728b)  -> (artifact id: '0badd66d992fd85373a52e5d84ac6d43') in 0.015887 seconds 
========================================================================
Received Import Request.
  Time since last request: 0.000016 seconds.
  path: Assets/Flooded_Grounds/Content/Meshes/mBuildings/mVilla2/Villa2_Floor_Mid_B.fbx
  artifactKey: Guid(bce99ade65d5fee418c6e9541397fb3e) Importer(815301076,1909f56bfc062723c751e8b465ee728b)
Start importing Assets/Flooded_Grounds/Content/Meshes/mBuildings/mVilla2/Villa2_Floor_Mid_B.fbx using Guid(bce99ade65d5fee418c6e9541397fb3e) Importer(815301076,1909f56bfc062723c751e8b465ee728b)  -> (artifact id: 'dc340d9edcdb5c35520c3d18d429c75b') in 0.017484 seconds 
========================================================================
Received Import Request.
  Time since last request: 0.000018 seconds.
  path: Assets/Flooded_Grounds/Content/Meshes/mBuildings/mVilla2/Villa2_Deco_Column_Top_B.fbx
  artifactKey: Guid(aeb5a60918fa7f044a31aec548feabe7) Importer(815301076,1909f56bfc062723c751e8b465ee728b)
Start importing Assets/Flooded_Grounds/Content/Meshes/mBuildings/mVilla2/Villa2_Deco_Column_Top_B.fbx using Guid(aeb5a60918fa7f044a31aec548feabe7) Importer(815301076,1909f56bfc062723c751e8b465ee728b)  -> (artifact id: 'b02cedd2aa53da3d1d17894edcc53eb4') in 0.016554 seconds 
========================================================================
Received Import Request.
  Time since last request: 0.000026 seconds.
  path: Assets/Flooded_Grounds/Content/Meshes/mBuildings/mVilla2/Villa2_Wall_Ext_A.fbx
  artifactKey: Guid(3e780ebb357c2904895523ef05aba6e3) Importer(815301076,1909f56bfc062723c751e8b465ee728b)
Start importing Assets/Flooded_Grounds/Content/Meshes/mBuildings/mVilla2/Villa2_Wall_Ext_A.fbx using Guid(3e780ebb357c2904895523ef05aba6e3) Importer(815301076,1909f56bfc062723c751e8b465ee728b)  -> (artifact id: 'e8e92f14f23a255921e0b8306f1a1bc5') in 0.024525 seconds 
========================================================================
Received Import Request.
  Time since last request: 0.000029 seconds.
  path: Assets/Flooded_Grounds/Content/Meshes/mBuildings/mVilla2/Villa2_Wall_Int_B.fbx
  artifactKey: Guid(c386420031e9c484182f7920f158c313) Importer(815301076,1909f56bfc062723c751e8b465ee728b)
Start importing Assets/Flooded_Grounds/Content/Meshes/mBuildings/mVilla2/Villa2_Wall_Int_B.fbx using Guid(c386420031e9c484182f7920f158c313) Importer(815301076,1909f56bfc062723c751e8b465ee728b)  -> (artifact id: '209019fc4225aaeb92c84957a09b8388') in 0.015706 seconds 
========================================================================
Received Import Request.
  Time since last request: 0.000022 seconds.
  path: Assets/Flooded_Grounds/Content/Meshes/mBuildings/mVilla2/Villa2_Door_B.fbx
  artifactKey: Guid(0ab1761d299356746bb96e12c877788a) Importer(815301076,1909f56bfc062723c751e8b465ee728b)
Start importing Assets/Flooded_Grounds/Content/Meshes/mBuildings/mVilla2/Villa2_Door_B.fbx using Guid(0ab1761d299356746bb96e12c877788a) Importer(815301076,1909f56bfc062723c751e8b465ee728b)  -> (artifact id: 'ee36843e16f072a0fa2f71df6db7d424') in 0.017585 seconds 
========================================================================
Received Import Request.
  Time since last request: 0.000018 seconds.
  path: Assets/Flooded_Grounds/Content/Meshes/mBuildings/mVilla2/Villa2_Deco_RoofPiece_C.fbx
  artifactKey: Guid(ccfe8b4c6e87c6146981e97b7a1f8123) Importer(815301076,1909f56bfc062723c751e8b465ee728b)
Start importing Assets/Flooded_Grounds/Content/Meshes/mBuildings/mVilla2/Villa2_Deco_RoofPiece_C.fbx using Guid(ccfe8b4c6e87c6146981e97b7a1f8123) Importer(815301076,1909f56bfc062723c751e8b465ee728b)  -> (artifact id: 'afaeda7966e033f447c3137bcb8a289c') in 0.019170 seconds 
========================================================================
Received Import Request.
  Time since last request: 0.000023 seconds.
  path: Assets/Flooded_Grounds/Content/Meshes/mBuildings/mVilla2/Villa2_Wall_Mid_E.fbx
  artifactKey: Guid(f541faddef363a44bb98ab27fb36668b) Importer(815301076,1909f56bfc062723c751e8b465ee728b)
Start importing Assets/Flooded_Grounds/Content/Meshes/mBuildings/mVilla2/Villa2_Wall_Mid_E.fbx using Guid(f541faddef363a44bb98ab27fb36668b) Importer(815301076,1909f56bfc062723c751e8b465ee728b)  -> (artifact id: 'c364fe4e84436f969ec31b0f017fc481') in 0.016750 seconds 
========================================================================
Received Import Request.
  Time since last request: 0.000027 seconds.
  path: Assets/Flooded_Grounds/Content/Meshes/mBuildings/mVilla2/Villa2_Deco_Column_Base_A.fbx
  artifactKey: Guid(d30ca19a66b5a7a4983f9b9433a77e3b) Importer(815301076,1909f56bfc062723c751e8b465ee728b)
Start importing Assets/Flooded_Grounds/Content/Meshes/mBuildings/mVilla2/Villa2_Deco_Column_Base_A.fbx using Guid(d30ca19a66b5a7a4983f9b9433a77e3b) Importer(815301076,1909f56bfc062723c751e8b465ee728b)  -> (artifact id: '06b0ecd6ace83a2a51f1aa37b5fa7dab') in 0.037178 seconds 
========================================================================
Received Import Request.
  Time since last request: 0.000024 seconds.
  path: Assets/Flooded_Grounds/Content/Meshes/mBuildings/mVilla2/Villa2_Top_Cor_A.fbx
  artifactKey: Guid(f2b14a4ed4d4e784ba757352dd8432e3) Importer(815301076,1909f56bfc062723c751e8b465ee728b)
Start importing Assets/Flooded_Grounds/Content/Meshes/mBuildings/mVilla2/Villa2_Top_Cor_A.fbx using Guid(f2b14a4ed4d4e784ba757352dd8432e3) Importer(815301076,1909f56bfc062723c751e8b465ee728b)  -> (artifact id: '7af97b97442e026e0cd84a74bf579179') in 0.061029 seconds 
========================================================================
Received Import Request.
  Time since last request: 0.000025 seconds.
  path: Assets/Flooded_Grounds/Content/Meshes/mBuildings/mVilla2/Villa2_Wall_Mid_B.fbx
  artifactKey: Guid(4fc2427df03ba68419dd6f947c1e7e7d) Importer(815301076,1909f56bfc062723c751e8b465ee728b)
Start importing Assets/Flooded_Grounds/Content/Meshes/mBuildings/mVilla2/Villa2_Wall_Mid_B.fbx using Guid(4fc2427df03ba68419dd6f947c1e7e7d) Importer(815301076,1909f56bfc062723c751e8b465ee728b)  -> (artifact id: 'e9f9358365808f412d1f7129f987478c') in 0.022590 seconds 
========================================================================
Received Import Request.
  Time since last request: 0.000024 seconds.
  path: Assets/Flooded_Grounds/Content/Meshes/mBuildings/mVilla2/Villa2_Deco_Chimney_A.fbx
  artifactKey: Guid(d1a841b429734634bad036e6ce13cbae) Importer(815301076,1909f56bfc062723c751e8b465ee728b)
Start importing Assets/Flooded_Grounds/Content/Meshes/mBuildings/mVilla2/Villa2_Deco_Chimney_A.fbx using Guid(d1a841b429734634bad036e6ce13cbae) Importer(815301076,1909f56bfc062723c751e8b465ee728b)  -> (artifact id: 'fcf726eb2fd79dad3c9ebde854270220') in 0.016183 seconds 
========================================================================
Received Import Request.
  Time since last request: 0.000027 seconds.
  path: Assets/Flooded_Grounds/Content/Meshes/mBuildings/mVilla2/Villa2_Wall_Cor_A.fbx
  artifactKey: Guid(82342e89cae02884288aff5809271912) Importer(815301076,1909f56bfc062723c751e8b465ee728b)
Start importing Assets/Flooded_Grounds/Content/Meshes/mBuildings/mVilla2/Villa2_Wall_Cor_A.fbx using Guid(82342e89cae02884288aff5809271912) Importer(815301076,1909f56bfc062723c751e8b465ee728b)  -> (artifact id: '03efa587e2418ee3133052f0e4c0b7fd') in 0.018703 seconds 
Editor requested this worker to shutdown with reason: Scaling down because of idle timeout
AssetImportWorker is now disconnected from the server
Process exiting
Exiting without the bug reporter. Application will terminate with return code 0